[1.312s] DEBUG:colcon:Command line arguments: ['/usr/bin/colcon', 'build', '--symlink-install', '--packages-select', 'uni_car_ros2']
[1.313s] DEBUG:colcon:Parsed command line arguments: Namespace(log_base=None, log_level=None, verb_name='build', build_base='build', install_base='install', merge_install=False, symlink_install=True, test_result_base=None, continue_on_error=False, executor='parallel', parallel_workers=4, event_handlers=None, ignore_user_meta=False, metas=['./colcon.meta'], base_paths=['.'], packages_ignore=None, packages_ignore_regex=None, paths=None, packages_up_to=None, packages_up_to_regex=None, packages_above=None, packages_above_and_dependencies=None, packages_above_depth=None, packages_select_by_dep=None, packages_skip_by_dep=None, packages_skip_up_to=None, packages_select_build_failed=False, packages_skip_build_finished=False, packages_select_test_failures=False, packages_skip_test_passed=False, packages_select=['uni_car_ros2'], packages_skip=None, packages_select_regex=None, packages_skip_regex=None, packages_start=None, packages_end=None, allow_overriding=[], cmake_args=None, cmake_target=None, cmake_target_skip_unavailable=False, cmake_clean_cache=False, cmake_clean_first=False, cmake_force_configure=False, ament_cmake_args=None, catkin_cmake_args=None, catkin_skip_building_tests=False, mixin_files=None, mixin=None, verb_parser=<colcon_mixin.mixin.mixin_argument.MixinArgumentDecorator object at 0x729434765c90>, verb_extension=<colcon_core.verb.build.BuildVerb object at 0x7294347657e0>, main=<bound method BuildVerb.main of <colcon_core.verb.build.BuildVerb object at 0x7294347657e0>>, mixin_verb=('build',))
[3.225s] Level 1:colcon.colcon_core.package_discovery:discover_packages(colcon_meta) check parameters
[3.226s] Level 1:colcon.colcon_core.package_discovery:discover_packages(recursive) check parameters
[3.226s] Level 1:colcon.colcon_core.package_discovery:discover_packages(ignore) check parameters
[3.227s] Level 1:colcon.colcon_core.package_discovery:discover_packages(path) check parameters
[3.227s] Level 1:colcon.colcon_core.package_discovery:discover_packages(colcon_meta) discover
[3.227s] Level 1:colcon.colcon_core.package_discovery:discover_packages(recursive) discover
[3.228s] INFO:colcon.colcon_core.package_discovery:Crawling recursively for packages in '/home/amap/aa10_sim_ros2_catkin_ws'
[3.229s] Level 1:colcon.colcon_core.package_identification:_identify(.) by extensions ['ignore', 'ignore_ament_install']
[3.230s] Level 1:colcon.colcon_core.package_identification:_identify(.) by extension 'ignore'
[3.230s] Level 1:colcon.colcon_core.package_identification:_identify(.) by extension 'ignore_ament_install'
[3.231s] Level 1:colcon.colcon_core.package_identification:_identify(.) by extensions ['colcon_pkg']
[3.231s] Level 1:colcon.colcon_core.package_identification:_identify(.) by extension 'colcon_pkg'
[3.231s] Level 1:colcon.colcon_core.package_identification:_identify(.) by extensions ['colcon_meta']
[3.231s] Level 1:colcon.colcon_core.package_identification:_identify(.) by extension 'colcon_meta'
[3.232s] Level 1:colcon.colcon_core.package_identification:_identify(.) by extensions ['ros']
[3.232s] Level 1:colcon.colcon_core.package_identification:_identify(.) by extension 'ros'
[3.331s] Level 1:colcon.colcon_core.package_identification:_identify(.) by extensions ['cmake', 'python']
[3.332s] Level 1:colcon.colcon_core.package_identification:_identify(.) by extension 'cmake'
[3.332s] Level 1:colcon.colcon_core.package_identification:_identify(.) by extension 'python'
[3.333s] Level 1:colcon.colcon_core.package_identification:_identify(.) by extensions ['python_setup_py']
[3.333s] Level 1:colcon.colcon_core.package_identification:_identify(.) by extension 'python_setup_py'
[3.337s] Level 1:colcon.colcon_core.package_identification:_identify(build) by extensions ['ignore', 'ignore_ament_install']
[3.338s] Level 1:colcon.colcon_core.package_identification:_identify(build) by extension 'ignore'
[3.339s] Level 1:colcon.colcon_core.package_identification:_identify(build) ignored
[3.340s] Level 1:colcon.colcon_core.package_identification:_identify(install) by extensions ['ignore', 'ignore_ament_install']
[3.342s] Level 1:colcon.colcon_core.package_identification:_identify(install) by extension 'ignore'
[3.342s] Level 1:colcon.colcon_core.package_identification:_identify(install) ignored
[3.344s] Level 1:colcon.colcon_core.package_identification:_identify(log) by extensions ['ignore', 'ignore_ament_install']
[3.345s] Level 1:colcon.colcon_core.package_identification:_identify(log) by extension 'ignore'
[3.346s] Level 1:colcon.colcon_core.package_identification:_identify(log) ignored
[3.347s] Level 1:colcon.colcon_core.package_identification:_identify(src) by extensions ['ignore', 'ignore_ament_install']
[3.348s] Level 1:colcon.colcon_core.package_identification:_identify(src) by extension 'ignore'
[3.349s] Level 1:colcon.colcon_core.package_identification:_identify(src) by extension 'ignore_ament_install'
[3.350s] Level 1:colcon.colcon_core.package_identification:_identify(src) by extensions ['colcon_pkg']
[3.350s] Level 1:colcon.colcon_core.package_identification:_identify(src) by extension 'colcon_pkg'
[3.351s] Level 1:colcon.colcon_core.package_identification:_identify(src) by extensions ['colcon_meta']
[3.352s] Level 1:colcon.colcon_core.package_identification:_identify(src) by extension 'colcon_meta'
[3.353s] Level 1:colcon.colcon_core.package_identification:_identify(src) by extensions ['ros']
[3.353s] Level 1:colcon.colcon_core.package_identification:_identify(src) by extension 'ros'
[3.354s] Level 1:colcon.colcon_core.package_identification:_identify(src) by extensions ['cmake', 'python']
[3.354s] Level 1:colcon.colcon_core.package_identification:_identify(src) by extension 'cmake'
[3.356s] Level 1:colcon.colcon_core.package_identification:_identify(src) by extension 'python'
[3.356s] Level 1:colcon.colcon_core.package_identification:_identify(src) by extensions ['python_setup_py']
[3.356s] Level 1:colcon.colcon_core.package_identification:_identify(src) by extension 'python_setup_py'
[3.358s] Level 1:colcon.colcon_core.package_identification:_identify(src/uni_car_ros2) by extensions ['ignore', 'ignore_ament_install']
[3.359s] Level 1:colcon.colcon_core.package_identification:_identify(src/uni_car_ros2) by extension 'ignore'
[3.360s] Level 1:colcon.colcon_core.package_identification:_identify(src/uni_car_ros2) by extension 'ignore_ament_install'
[3.362s] Level 1:colcon.colcon_core.package_identification:_identify(src/uni_car_ros2) by extensions ['colcon_pkg']
[3.362s] Level 1:colcon.colcon_core.package_identification:_identify(src/uni_car_ros2) by extension 'colcon_pkg'
[3.363s] Level 1:colcon.colcon_core.package_identification:_identify(src/uni_car_ros2) by extensions ['colcon_meta']
[3.363s] Level 1:colcon.colcon_core.package_identification:_identify(src/uni_car_ros2) by extension 'colcon_meta'
[3.364s] Level 1:colcon.colcon_core.package_identification:_identify(src/uni_car_ros2) by extensions ['ros']
[3.365s] Level 1:colcon.colcon_core.package_identification:_identify(src/uni_car_ros2) by extension 'ros'
[3.396s] DEBUG:colcon.colcon_core.package_identification:Package 'src/uni_car_ros2' with type 'ros.ament_cmake' and name 'uni_car_ros2'
[3.396s] Level 1:colcon.colcon_core.package_discovery:discover_packages(recursive) using defaults
[3.397s] Level 1:colcon.colcon_core.package_discovery:discover_packages(ignore) discover
[3.398s] Level 1:colcon.colcon_core.package_discovery:discover_packages(ignore) using defaults
[3.399s] Level 1:colcon.colcon_core.package_discovery:discover_packages(path) discover
[3.399s] Level 1:colcon.colcon_core.package_discovery:discover_packages(path) using defaults
[3.732s] Level 1:colcon.colcon_core.package_discovery:discover_packages(prefix_path) check parameters
[3.733s] Level 1:colcon.colcon_core.package_discovery:discover_packages(prefix_path) discover
[3.765s] DEBUG:colcon.colcon_installed_package_information.package_discovery:Found 287 installed packages in /opt/ros/humble
[3.786s] Level 1:colcon.colcon_core.package_discovery:discover_packages(prefix_path) using defaults
[4.252s] Level 5:colcon.colcon_core.verb:set package 'uni_car_ros2' build argument 'cmake_args' from command line to 'None'
[4.253s] Level 5:colcon.colcon_core.verb:set package 'uni_car_ros2' build argument 'cmake_target' from command line to 'None'
[4.255s] Level 5:colcon.colcon_core.verb:set package 'uni_car_ros2' build argument 'cmake_target_skip_unavailable' from command line to 'False'
[4.255s] Level 5:colcon.colcon_core.verb:set package 'uni_car_ros2' build argument 'cmake_clean_cache' from command line to 'False'
[4.256s] Level 5:colcon.colcon_core.verb:set package 'uni_car_ros2' build argument 'cmake_clean_first' from command line to 'False'
[4.256s] Level 5:colcon.colcon_core.verb:set package 'uni_car_ros2' build argument 'cmake_force_configure' from command line to 'False'
[4.257s] Level 5:colcon.colcon_core.verb:set package 'uni_car_ros2' build argument 'ament_cmake_args' from command line to 'None'
[4.258s] Level 5:colcon.colcon_core.verb:set package 'uni_car_ros2' build argument 'catkin_cmake_args' from command line to 'None'
[4.258s] Level 5:colcon.colcon_core.verb:set package 'uni_car_ros2' build argument 'catkin_skip_building_tests' from command line to 'False'
[4.260s] DEBUG:colcon.colcon_core.verb:Building package 'uni_car_ros2' with the following arguments: {'ament_cmake_args': None, 'build_base': '/home/amap/aa10_sim_ros2_catkin_ws/build/uni_car_ros2', 'catkin_cmake_args': None, 'catkin_skip_building_tests': False, 'cmake_args': None, 'cmake_clean_cache': False, 'cmake_clean_first': False, 'cmake_force_configure': False, 'cmake_target': None, 'cmake_target_skip_unavailable': False, 'install_base': '/home/amap/aa10_sim_ros2_catkin_ws/install/uni_car_ros2', 'merge_install': False, 'path': '/home/amap/aa10_sim_ros2_catkin_ws/src/uni_car_ros2', 'symlink_install': True, 'test_result_base': None}
[4.263s] INFO:colcon.colcon_core.executor:Executing jobs using 'parallel' executor
[4.275s] DEBUG:colcon.colcon_parallel_executor.executor.parallel:run_until_complete
[4.285s] INFO:colcon.colcon_ros.task.ament_cmake.build:Building ROS package in '/home/amap/aa10_sim_ros2_catkin_ws/src/uni_car_ros2' with build type 'ament_cmake'
[4.286s] INFO:colcon.colcon_cmake.task.cmake.build:Building CMake package in '/home/amap/aa10_sim_ros2_catkin_ws/src/uni_car_ros2'
[4.316s] INFO:colcon.colcon_core.plugin_system:Skipping extension 'colcon_core.shell.bat': Not used on non-Windows systems
[4.317s] INFO:colcon.colcon_core.shell:Skip shell extension 'powershell' for command environment: Not usable outside of PowerShell
[4.318s] DEBUG:colcon.colcon_core.shell:Skip shell extension 'dsv' for command environment
[4.416s] DEBUG:colcon.colcon_core.event_handler.log_command:Invoking command in '/home/amap/aa10_sim_ros2_catkin_ws/build/uni_car_ros2': CMAKE_PREFIX_PATH=/opt/ros/humble /usr/bin/cmake --build /home/amap/aa10_sim_ros2_catkin_ws/build/uni_car_ros2 -- -j4 -l4
[4.885s] DEBUG:colcon.colcon_core.event_handler.log_command:Invoked command in '/home/amap/aa10_sim_ros2_catkin_ws/build/uni_car_ros2' returned '0': CMAKE_PREFIX_PATH=/opt/ros/humble /usr/bin/cmake --build /home/amap/aa10_sim_ros2_catkin_ws/build/uni_car_ros2 -- -j4 -l4
[4.942s] DEBUG:colcon.colcon_core.event_handler.log_command:Invoking command in '/home/amap/aa10_sim_ros2_catkin_ws/build/uni_car_ros2': CMAKE_PREFIX_PATH=/opt/ros/humble /usr/bin/cmake --install /home/amap/aa10_sim_ros2_catkin_ws/build/uni_car_ros2
[5.206s] Level 1:colcon.colcon_core.environment:create_environment_scripts_only(uni_car_ros2)
[5.238s] DEBUG:colcon.colcon_core.event_handler.log_command:Invoked command in '/home/amap/aa10_sim_ros2_catkin_ws/build/uni_car_ros2' returned '0': CMAKE_PREFIX_PATH=/opt/ros/humble /usr/bin/cmake --install /home/amap/aa10_sim_ros2_catkin_ws/build/uni_car_ros2
[5.246s] Level 1:colcon.colcon_core.environment:checking '/home/amap/aa10_sim_ros2_catkin_ws/install/uni_car_ros2' for CMake module files
[5.251s] Level 1:colcon.colcon_core.environment:checking '/home/amap/aa10_sim_ros2_catkin_ws/install/uni_car_ros2' for CMake config files
[5.256s] Level 1:colcon.colcon_core.shell:create_environment_hook('uni_car_ros2', 'cmake_prefix_path')
[5.259s] INFO:colcon.colcon_core.shell:Creating environment hook '/home/amap/aa10_sim_ros2_catkin_ws/install/uni_car_ros2/share/uni_car_ros2/hook/cmake_prefix_path.ps1'
[5.266s] INFO:colcon.colcon_core.shell:Creating environment descriptor '/home/amap/aa10_sim_ros2_catkin_ws/install/uni_car_ros2/share/uni_car_ros2/hook/cmake_prefix_path.dsv'
[5.270s] INFO:colcon.colcon_core.shell:Creating environment hook '/home/amap/aa10_sim_ros2_catkin_ws/install/uni_car_ros2/share/uni_car_ros2/hook/cmake_prefix_path.sh'
[5.277s] Level 1:colcon.colcon_core.environment:checking '/home/amap/aa10_sim_ros2_catkin_ws/install/uni_car_ros2/bin'
[5.278s] Level 1:colcon.colcon_core.environment:checking '/home/amap/aa10_sim_ros2_catkin_ws/install/uni_car_ros2/lib/pkgconfig/uni_car_ros2.pc'
[5.279s] Level 1:colcon.colcon_core.environment:checking '/home/amap/aa10_sim_ros2_catkin_ws/install/uni_car_ros2/lib/python3.10/site-packages'
[5.282s] Level 1:colcon.colcon_core.environment:checking '/home/amap/aa10_sim_ros2_catkin_ws/install/uni_car_ros2/bin'
[5.284s] INFO:colcon.colcon_core.shell:Creating package script '/home/amap/aa10_sim_ros2_catkin_ws/install/uni_car_ros2/share/uni_car_ros2/package.ps1'
[5.292s] INFO:colcon.colcon_core.shell:Creating package descriptor '/home/amap/aa10_sim_ros2_catkin_ws/install/uni_car_ros2/share/uni_car_ros2/package.dsv'
[5.299s] INFO:colcon.colcon_core.shell:Creating package script '/home/amap/aa10_sim_ros2_catkin_ws/install/uni_car_ros2/share/uni_car_ros2/package.sh'
[5.307s] INFO:colcon.colcon_core.shell:Creating package script '/home/amap/aa10_sim_ros2_catkin_ws/install/uni_car_ros2/share/uni_car_ros2/package.bash'
[5.314s] INFO:colcon.colcon_core.shell:Creating package script '/home/amap/aa10_sim_ros2_catkin_ws/install/uni_car_ros2/share/uni_car_ros2/package.zsh'
[5.320s] Level 1:colcon.colcon_core.environment:create_file_with_runtime_dependencies(/home/amap/aa10_sim_ros2_catkin_ws/install/uni_car_ros2/share/colcon-core/packages/uni_car_ros2)
[5.324s] Level 1:colcon.colcon_core.environment:create_environment_scripts_only(uni_car_ros2)
[5.326s] Level 1:colcon.colcon_core.environment:checking '/home/amap/aa10_sim_ros2_catkin_ws/install/uni_car_ros2' for CMake module files
[5.329s] Level 1:colcon.colcon_core.environment:checking '/home/amap/aa10_sim_ros2_catkin_ws/install/uni_car_ros2' for CMake config files
[5.333s] Level 1:colcon.colcon_core.shell:create_environment_hook('uni_car_ros2', 'cmake_prefix_path')
[5.335s] INFO:colcon.colcon_core.shell:Creating environment hook '/home/amap/aa10_sim_ros2_catkin_ws/install/uni_car_ros2/share/uni_car_ros2/hook/cmake_prefix_path.ps1'
[5.342s] INFO:colcon.colcon_core.shell:Creating environment descriptor '/home/amap/aa10_sim_ros2_catkin_ws/install/uni_car_ros2/share/uni_car_ros2/hook/cmake_prefix_path.dsv'
[5.345s] INFO:colcon.colcon_core.shell:Creating environment hook '/home/amap/aa10_sim_ros2_catkin_ws/install/uni_car_ros2/share/uni_car_ros2/hook/cmake_prefix_path.sh'
[5.350s] Level 1:colcon.colcon_core.environment:checking '/home/amap/aa10_sim_ros2_catkin_ws/install/uni_car_ros2/bin'
[5.351s] Level 1:colcon.colcon_core.environment:checking '/home/amap/aa10_sim_ros2_catkin_ws/install/uni_car_ros2/lib/pkgconfig/uni_car_ros2.pc'
[5.353s] Level 1:colcon.colcon_core.environment:checking '/home/amap/aa10_sim_ros2_catkin_ws/install/uni_car_ros2/lib/python3.10/site-packages'
[5.355s] Level 1:colcon.colcon_core.environment:checking '/home/amap/aa10_sim_ros2_catkin_ws/install/uni_car_ros2/bin'
[5.359s] INFO:colcon.colcon_core.shell:Creating package script '/home/amap/aa10_sim_ros2_catkin_ws/install/uni_car_ros2/share/uni_car_ros2/package.ps1'
[5.364s] INFO:colcon.colcon_core.shell:Creating package descriptor '/home/amap/aa10_sim_ros2_catkin_ws/install/uni_car_ros2/share/uni_car_ros2/package.dsv'
[5.368s] INFO:colcon.colcon_core.shell:Creating package script '/home/amap/aa10_sim_ros2_catkin_ws/install/uni_car_ros2/share/uni_car_ros2/package.sh'
[5.372s] INFO:colcon.colcon_core.shell:Creating package script '/home/amap/aa10_sim_ros2_catkin_ws/install/uni_car_ros2/share/uni_car_ros2/package.bash'
[5.385s] INFO:colcon.colcon_core.shell:Creating package script '/home/amap/aa10_sim_ros2_catkin_ws/install/uni_car_ros2/share/uni_car_ros2/package.zsh'
[5.395s] Level 1:colcon.colcon_core.environment:create_file_with_runtime_dependencies(/home/amap/aa10_sim_ros2_catkin_ws/install/uni_car_ros2/share/colcon-core/packages/uni_car_ros2)
[5.401s] DEBUG:colcon.colcon_parallel_executor.executor.parallel:closing loop
[5.401s] DEBUG:colcon.colcon_parallel_executor.executor.parallel:loop closed
[5.402s] DEBUG:colcon.colcon_parallel_executor.executor.parallel:run_until_complete finished with '0'
[5.403s] DEBUG:colcon.colcon_core.event_reactor:joining thread
[5.450s] INFO:colcon.colcon_core.plugin_system:Skipping extension 'colcon_notification.desktop_notification.terminal_notifier': Not used on non-Darwin systems
[5.452s] INFO:colcon.colcon_core.plugin_system:Skipping extension 'colcon_notification.desktop_notification.win32': Not used on non-Windows systems
[5.452s] INFO:colcon.colcon_notification.desktop_notification:Sending desktop notification using 'notify2'
[5.668s] DEBUG:colcon.colcon_core.event_reactor:joined thread
[5.675s] INFO:colcon.colcon_core.shell:Creating prefix script '/home/amap/aa10_sim_ros2_catkin_ws/install/local_setup.ps1'
[5.690s] INFO:colcon.colcon_core.shell:Creating prefix util module '/home/amap/aa10_sim_ros2_catkin_ws/install/_local_setup_util_ps1.py'
[5.704s] INFO:colcon.colcon_core.shell:Creating prefix chain script '/home/amap/aa10_sim_ros2_catkin_ws/install/setup.ps1'
[5.725s] INFO:colcon.colcon_core.shell:Creating prefix script '/home/amap/aa10_sim_ros2_catkin_ws/install/local_setup.sh'
[5.738s] INFO:colcon.colcon_core.shell:Creating prefix util module '/home/amap/aa10_sim_ros2_catkin_ws/install/_local_setup_util_sh.py'
[5.743s] INFO:colcon.colcon_core.shell:Creating prefix chain script '/home/amap/aa10_sim_ros2_catkin_ws/install/setup.sh'
[5.759s] INFO:colcon.colcon_core.shell:Creating prefix script '/home/amap/aa10_sim_ros2_catkin_ws/install/local_setup.bash'
[5.770s] INFO:colcon.colcon_core.shell:Creating prefix chain script '/home/amap/aa10_sim_ros2_catkin_ws/install/setup.bash'
[5.789s] INFO:colcon.colcon_core.shell:Creating prefix script '/home/amap/aa10_sim_ros2_catkin_ws/install/local_setup.zsh'
[5.803s] INFO:colcon.colcon_core.shell:Creating prefix chain script '/home/amap/aa10_sim_ros2_catkin_ws/install/setup.zsh'
