[0.032s] Invoking command in '/home/amap/aa10_sim_ros2_catkin_ws/build/uni_car_ros2': CMAKE_PREFIX_PATH=/opt/ros/humble /usr/bin/cmake --build /home/amap/aa10_sim_ros2_catkin_ws/build/uni_car_ros2 -- -j4 -l4
[0.117s] Invoked command in '/home/amap/aa10_sim_ros2_catkin_ws/build/uni_car_ros2' returned '0': CMAKE_PREFIX_PATH=/opt/ros/humble /usr/bin/cmake --build /home/amap/aa10_sim_ros2_catkin_ws/build/uni_car_ros2 -- -j4 -l4
[0.143s] Invoking command in '/home/amap/aa10_sim_ros2_catkin_ws/build/uni_car_ros2': CMAKE_PREFIX_PATH=/opt/ros/humble /usr/bin/cmake --install /home/amap/aa10_sim_ros2_catkin_ws/build/uni_car_ros2
[0.165s] -- Install configuration: ""
[0.166s] -- Execute custom install script
[0.168s] -- Up-to-date symlink: /home/amap/aa10_sim_ros2_catkin_ws/install/uni_car_ros2/share/uni_car_ros2/config/display.rviz
[0.168s] -- Up-to-date symlink: /home/amap/aa10_sim_ros2_catkin_ws/install/uni_car_ros2/share/uni_car_ros2/config/ros2_controllers.yaml
[0.169s] -- Up-to-date symlink: /home/amap/aa10_sim_ros2_catkin_ws/install/uni_car_ros2/share/uni_car_ros2/urdf/materials.xacro
[0.170s] -- Up-to-date symlink: /home/amap/aa10_sim_ros2_catkin_ws/install/uni_car_ros2/share/uni_car_ros2/urdf/uni_car.urdf
[0.173s] -- Up-to-date symlink: /home/amap/aa10_sim_ros2_catkin_ws/install/uni_car_ros2/share/uni_car_ros2/urdf/uni_car.urdf.xacro
[0.175s] -- Up-to-date symlink: /home/amap/aa10_sim_ros2_catkin_ws/install/uni_car_ros2/share/uni_car_ros2/meshes/ROSCAR2_BASE.dae
[0.177s] -- Up-to-date symlink: /home/amap/aa10_sim_ros2_catkin_ws/install/uni_car_ros2/share/uni_car_ros2/meshes/ROSCAR2_LiDAR.dae
[0.178s] -- Up-to-date symlink: /home/amap/aa10_sim_ros2_catkin_ws/install/uni_car_ros2/share/uni_car_ros2/meshes/ROSCAR2_PiCameraV2.dae
[0.179s] -- Up-to-date symlink: /home/amap/aa10_sim_ros2_catkin_ws/install/uni_car_ros2/share/uni_car_ros2/meshes/ROSCAR2_Sonar.dae
[0.180s] -- Up-to-date symlink: /home/amap/aa10_sim_ros2_catkin_ws/install/uni_car_ros2/share/uni_car_ros2/meshes/ROSCAR2_WheelLeft.dae
[0.180s] -- Up-to-date symlink: /home/amap/aa10_sim_ros2_catkin_ws/install/uni_car_ros2/share/uni_car_ros2/meshes/ROSCAR2_WheelRight.dae
[0.181s] -- Up-to-date symlink: /home/amap/aa10_sim_ros2_catkin_ws/install/uni_car_ros2/share/uni_car_ros2/worlds/empty.world
[0.181s] -- Up-to-date symlink: /home/amap/aa10_sim_ros2_catkin_ws/install/uni_car_ros2/share/uni_car_ros2/worlds/house.world
[0.182s] -- Up-to-date symlink: /home/amap/aa10_sim_ros2_catkin_ws/install/uni_car_ros2/share/uni_car_ros2/worlds/mando_track.world
[0.182s] -- Up-to-date symlink: /home/amap/aa10_sim_ros2_catkin_ws/install/uni_car_ros2/share/uni_car_ros2/worlds/mando_track1.world
[0.183s] -- Up-to-date symlink: /home/amap/aa10_sim_ros2_catkin_ws/install/uni_car_ros2/share/uni_car_ros2/worlds/mando_track2.world
[0.183s] -- Symlinking: /home/amap/aa10_sim_ros2_catkin_ws/install/uni_car_ros2/share/uni_car_ros2/worlds/test_ground.world
[0.229s] -- Up-to-date symlink: /home/amap/aa10_sim_ros2_catkin_ws/install/uni_car_ros2/share/uni_car_ros2/worlds/track.world
[0.230s] -- Up-to-date symlink: /home/amap/aa10_sim_ros2_catkin_ws/install/uni_car_ros2/share/uni_car_ros2/worlds/track.world.backup
[0.233s] -- Up-to-date symlink: /home/amap/aa10_sim_ros2_catkin_ws/install/uni_car_ros2/share/uni_car_ros2/worlds/track1.world
[0.234s] -- Up-to-date symlink: /home/amap/aa10_sim_ros2_catkin_ws/install/uni_car_ros2/share/uni_car_ros2/worlds/world.world
[0.234s] -- Up-to-date symlink: /home/amap/aa10_sim_ros2_catkin_ws/install/uni_car_ros2/share/uni_car_ros2/models/track_ground/materials/scripts/track_ground.material
[0.234s] -- Up-to-date symlink: /home/amap/aa10_sim_ros2_catkin_ws/install/uni_car_ros2/share/uni_car_ros2/models/track_ground/materials/textures/AA10_2022.png
[0.235s] -- Up-to-date symlink: /home/amap/aa10_sim_ros2_catkin_ws/install/uni_car_ros2/share/uni_car_ros2/models/track_ground/materials/textures/track_01_yeungnam.png
[0.236s] -- Up-to-date symlink: /home/amap/aa10_sim_ros2_catkin_ws/install/uni_car_ros2/share/uni_car_ros2/models/track_ground/materials/textures/track_01_yeungnam1.png
[0.237s] -- Up-to-date symlink: /home/amap/aa10_sim_ros2_catkin_ws/install/uni_car_ros2/share/uni_car_ros2/models/track_ground/materials/textures/track_01_yeungnam2.png
[0.238s] -- Up-to-date symlink: /home/amap/aa10_sim_ros2_catkin_ws/install/uni_car_ros2/share/uni_car_ros2/models/track_ground/materials/textures/track_02_hanla.png
[0.238s] -- Up-to-date symlink: /home/amap/aa10_sim_ros2_catkin_ws/install/uni_car_ros2/share/uni_car_ros2/models/track_ground/materials/textures/track_03_kyungsung.png
[0.239s] -- Up-to-date symlink: /home/amap/aa10_sim_ros2_catkin_ws/install/uni_car_ros2/share/uni_car_ros2/models/track_ground/materials/textures/track_04_korea.png
[0.240s] -- Up-to-date symlink: /home/amap/aa10_sim_ros2_catkin_ws/install/uni_car_ros2/share/uni_car_ros2/models/track_ground/materials/textures/track_05_wonkwang.png
[0.248s] -- Up-to-date symlink: /home/amap/aa10_sim_ros2_catkin_ws/install/uni_car_ros2/share/uni_car_ros2/models/track_ground/materials/textures/track_06_jeju.png
[0.248s] -- Up-to-date symlink: /home/amap/aa10_sim_ros2_catkin_ws/install/uni_car_ros2/share/uni_car_ros2/models/track_ground/materials/textures/track_07_joongbu.png
[0.249s] -- Up-to-date symlink: /home/amap/aa10_sim_ros2_catkin_ws/install/uni_car_ros2/share/uni_car_ros2/models/track_ground/materials/textures/track_08_transportation.png
[0.249s] -- Up-to-date symlink: /home/amap/aa10_sim_ros2_catkin_ws/install/uni_car_ros2/share/uni_car_ros2/models/track_ground/materials/textures/track_09_honam.png
[0.250s] -- Up-to-date symlink: /home/amap/aa10_sim_ros2_catkin_ws/install/uni_car_ros2/share/uni_car_ros2/models/track_ground/materials/textures/track_10_hongik.png
[0.250s] -- Up-to-date symlink: /home/amap/aa10_sim_ros2_catkin_ws/install/uni_car_ros2/share/uni_car_ros2/models/track_ground/model.config
[0.250s] -- Up-to-date symlink: /home/amap/aa10_sim_ros2_catkin_ws/install/uni_car_ros2/share/uni_car_ros2/models/track_ground/model.sdf
[0.250s] -- Up-to-date symlink: /home/amap/aa10_sim_ros2_catkin_ws/install/uni_car_ros2/share/uni_car_ros2/rviz/uni_car_navi.rviz
[0.251s] -- Up-to-date symlink: /home/amap/aa10_sim_ros2_catkin_ws/install/uni_car_ros2/share/uni_car_ros2/rviz/uni_car_slam.rviz
[0.251s] -- Up-to-date symlink: /home/amap/aa10_sim_ros2_catkin_ws/install/uni_car_ros2/share/uni_car_ros2/rviz/uni_car_world.rviz
[0.252s] -- Up-to-date symlink: /home/amap/aa10_sim_ros2_catkin_ws/install/uni_car_ros2/share/uni_car_ros2/maps/map_house.pgm
[0.252s] -- Up-to-date symlink: /home/amap/aa10_sim_ros2_catkin_ws/install/uni_car_ros2/share/uni_car_ros2/maps/map_house.yaml
[0.252s] -- Up-to-date symlink: /home/amap/aa10_sim_ros2_catkin_ws/install/uni_car_ros2/share/uni_car_ros2/maps/map_track.pgm
[0.253s] -- Up-to-date symlink: /home/amap/aa10_sim_ros2_catkin_ws/install/uni_car_ros2/share/uni_car_ros2/maps/map_track.yaml
[0.253s] -- Up-to-date symlink: /home/amap/aa10_sim_ros2_catkin_ws/install/uni_car_ros2/share/uni_car_ros2/maps/map_world.pgm
[0.254s] -- Up-to-date symlink: /home/amap/aa10_sim_ros2_catkin_ws/install/uni_car_ros2/share/uni_car_ros2/maps/map_world.yaml
[0.254s] -- Up-to-date symlink: /home/amap/aa10_sim_ros2_catkin_ws/install/uni_car_ros2/share/uni_car_ros2/param/_costmap_common_params.yaml
[0.254s] -- Up-to-date symlink: /home/amap/aa10_sim_ros2_catkin_ws/install/uni_car_ros2/share/uni_car_ros2/param/_global_costmap_params.yaml
[0.254s] -- Up-to-date symlink: /home/amap/aa10_sim_ros2_catkin_ws/install/uni_car_ros2/share/uni_car_ros2/param/_global_planner_params.yaml
[0.254s] -- Up-to-date symlink: /home/amap/aa10_sim_ros2_catkin_ws/install/uni_car_ros2/share/uni_car_ros2/param/_local_costmap_params.yaml
[0.255s] -- Up-to-date symlink: /home/amap/aa10_sim_ros2_catkin_ws/install/uni_car_ros2/share/uni_car_ros2/param/_local_planner_params.yaml
[0.255s] -- Up-to-date symlink: /home/amap/aa10_sim_ros2_catkin_ws/install/uni_car_ros2/share/uni_car_ros2/param/_move_base_params.yaml
[0.255s] -- Up-to-date symlink: /home/amap/aa10_sim_ros2_catkin_ws/install/uni_car_ros2/share/uni_car_ros2/param/costmap_common_params.yaml
[0.256s] -- Up-to-date symlink: /home/amap/aa10_sim_ros2_catkin_ws/install/uni_car_ros2/share/uni_car_ros2/param/global_costmap_params.yaml
[0.256s] -- Up-to-date symlink: /home/amap/aa10_sim_ros2_catkin_ws/install/uni_car_ros2/share/uni_car_ros2/param/local_costmap_params.yaml
[0.256s] -- Up-to-date symlink: /home/amap/aa10_sim_ros2_catkin_ws/install/uni_car_ros2/share/uni_car_ros2/param/teb_local_planner_params.yaml
[0.257s] -- Up-to-date symlink: /home/amap/aa10_sim_ros2_catkin_ws/install/uni_car_ros2/share/ament_index/resource_index/package_run_dependencies/uni_car_ros2
[0.259s] -- Up-to-date symlink: /home/amap/aa10_sim_ros2_catkin_ws/install/uni_car_ros2/share/ament_index/resource_index/parent_prefix_path/uni_car_ros2
[0.259s] -- Up-to-date symlink: /home/amap/aa10_sim_ros2_catkin_ws/install/uni_car_ros2/share/uni_car_ros2/environment/ament_prefix_path.sh
[0.265s] -- Up-to-date symlink: /home/amap/aa10_sim_ros2_catkin_ws/install/uni_car_ros2/share/uni_car_ros2/environment/ament_prefix_path.dsv
[0.265s] -- Up-to-date symlink: /home/amap/aa10_sim_ros2_catkin_ws/install/uni_car_ros2/share/uni_car_ros2/environment/path.sh
[0.266s] -- Up-to-date symlink: /home/amap/aa10_sim_ros2_catkin_ws/install/uni_car_ros2/share/uni_car_ros2/environment/path.dsv
[0.266s] -- Up-to-date symlink: /home/amap/aa10_sim_ros2_catkin_ws/install/uni_car_ros2/share/uni_car_ros2/local_setup.bash
[0.266s] -- Up-to-date symlink: /home/amap/aa10_sim_ros2_catkin_ws/install/uni_car_ros2/share/uni_car_ros2/local_setup.sh
[0.266s] -- Up-to-date symlink: /home/amap/aa10_sim_ros2_catkin_ws/install/uni_car_ros2/share/uni_car_ros2/local_setup.zsh
[0.266s] -- Up-to-date symlink: /home/amap/aa10_sim_ros2_catkin_ws/install/uni_car_ros2/share/uni_car_ros2/local_setup.dsv
[0.267s] -- Symlinking: /home/amap/aa10_sim_ros2_catkin_ws/install/uni_car_ros2/share/uni_car_ros2/package.dsv
[0.327s] -- Up-to-date symlink: /home/amap/aa10_sim_ros2_catkin_ws/install/uni_car_ros2/share/ament_index/resource_index/packages/uni_car_ros2
[0.327s] -- Up-to-date symlink: /home/amap/aa10_sim_ros2_catkin_ws/install/uni_car_ros2/share/uni_car_ros2/cmake/uni_car_ros2Config.cmake
[0.328s] -- Up-to-date symlink: /home/amap/aa10_sim_ros2_catkin_ws/install/uni_car_ros2/share/uni_car_ros2/cmake/uni_car_ros2Config-version.cmake
[0.329s] -- Up-to-date symlink: /home/amap/aa10_sim_ros2_catkin_ws/install/uni_car_ros2/share/uni_car_ros2/package.xml
[0.329s] -- Up-to-date: /home/amap/aa10_sim_ros2_catkin_ws/install/uni_car_ros2/share/uni_car_ros2/launch
[0.333s] -- Up-to-date: /home/amap/aa10_sim_ros2_catkin_ws/install/uni_car_ros2/share/uni_car_ros2/launch/teleop_keyboard.launch.py
[0.333s] -- Up-to-date: /home/amap/aa10_sim_ros2_catkin_ws/install/uni_car_ros2/share/uni_car_ros2/launch/gazebo_test.launch.py
[0.333s] -- Installing: /home/amap/aa10_sim_ros2_catkin_ws/install/uni_car_ros2/share/uni_car_ros2/launch/gazebo_stadium_only.launch.py
[0.333s] -- Up-to-date: /home/amap/aa10_sim_ros2_catkin_ws/install/uni_car_ros2/share/uni_car_ros2/launch/rviz_display.launch.py
[0.337s] Invoked command in '/home/amap/aa10_sim_ros2_catkin_ws/build/uni_car_ros2' returned '0': CMAKE_PREFIX_PATH=/opt/ros/humble /usr/bin/cmake --install /home/amap/aa10_sim_ros2_catkin_ws/build/uni_car_ros2
