[0.930s] DEBUG:colcon:Command line arguments: ['/usr/bin/colcon', 'build', '--symlink-install', '--packages-select', 'uni_car_ros2']
[0.930s] DEBUG:colcon:Parsed command line arguments: Namespace(log_base=None, log_level=None, verb_name='build', build_base='build', install_base='install', merge_install=False, symlink_install=True, test_result_base=None, continue_on_error=False, executor='parallel', parallel_workers=4, event_handlers=None, ignore_user_meta=False, metas=['./colcon.meta'], base_paths=['.'], packages_ignore=None, packages_ignore_regex=None, paths=None, packages_up_to=None, packages_up_to_regex=None, packages_above=None, packages_above_and_dependencies=None, packages_above_depth=None, packages_select_by_dep=None, packages_skip_by_dep=None, packages_skip_up_to=None, packages_select_build_failed=False, packages_skip_build_finished=False, packages_select_test_failures=False, packages_skip_test_passed=False, packages_select=['uni_car_ros2'], packages_skip=None, packages_select_regex=None, packages_skip_regex=None, packages_start=None, packages_end=None, allow_overriding=[], cmake_args=None, cmake_target=None, cmake_target_skip_unavailable=False, cmake_clean_cache=False, cmake_clean_first=False, cmake_force_configure=False, ament_cmake_args=None, catkin_cmake_args=None, catkin_skip_building_tests=False, mixin_files=None, mixin=None, verb_parser=<colcon_mixin.mixin.mixin_argument.MixinArgumentDecorator object at 0x7f1f10555c90>, verb_extension=<colcon_core.verb.build.BuildVerb object at 0x7f1f105557e0>, main=<bound method BuildVerb.main of <colcon_core.verb.build.BuildVerb object at 0x7f1f105557e0>>, mixin_verb=('build',))
[2.550s] Level 1:colcon.colcon_core.package_discovery:discover_packages(colcon_meta) check parameters
[2.550s] Level 1:colcon.colcon_core.package_discovery:discover_packages(recursive) check parameters
[2.551s] Level 1:colcon.colcon_core.package_discovery:discover_packages(ignore) check parameters
[2.551s] Level 1:colcon.colcon_core.package_discovery:discover_packages(path) check parameters
[2.551s] Level 1:colcon.colcon_core.package_discovery:discover_packages(colcon_meta) discover
[2.551s] Level 1:colcon.colcon_core.package_discovery:discover_packages(recursive) discover
[2.552s] INFO:colcon.colcon_core.package_discovery:Crawling recursively for packages in '/home/amap/aa10_sim_ros2_catkin_ws'
[2.554s] Level 1:colcon.colcon_core.package_identification:_identify(.) by extensions ['ignore', 'ignore_ament_install']
[2.555s] Level 1:colcon.colcon_core.package_identification:_identify(.) by extension 'ignore'
[2.557s] Level 1:colcon.colcon_core.package_identification:_identify(.) by extension 'ignore_ament_install'
[2.557s] Level 1:colcon.colcon_core.package_identification:_identify(.) by extensions ['colcon_pkg']
[2.560s] Level 1:colcon.colcon_core.package_identification:_identify(.) by extension 'colcon_pkg'
[2.560s] Level 1:colcon.colcon_core.package_identification:_identify(.) by extensions ['colcon_meta']
[2.560s] Level 1:colcon.colcon_core.package_identification:_identify(.) by extension 'colcon_meta'
[2.560s] Level 1:colcon.colcon_core.package_identification:_identify(.) by extensions ['ros']
[2.561s] Level 1:colcon.colcon_core.package_identification:_identify(.) by extension 'ros'
[2.706s] Level 1:colcon.colcon_core.package_identification:_identify(.) by extensions ['cmake', 'python']
[2.708s] Level 1:colcon.colcon_core.package_identification:_identify(.) by extension 'cmake'
[2.708s] Level 1:colcon.colcon_core.package_identification:_identify(.) by extension 'python'
[2.709s] Level 1:colcon.colcon_core.package_identification:_identify(.) by extensions ['python_setup_py']
[2.709s] Level 1:colcon.colcon_core.package_identification:_identify(.) by extension 'python_setup_py'
[2.710s] Level 1:colcon.colcon_core.package_identification:_identify(build) by extensions ['ignore', 'ignore_ament_install']
[2.710s] Level 1:colcon.colcon_core.package_identification:_identify(build) by extension 'ignore'
[2.711s] Level 1:colcon.colcon_core.package_identification:_identify(build) ignored
[2.712s] Level 1:colcon.colcon_core.package_identification:_identify(install) by extensions ['ignore', 'ignore_ament_install']
[2.712s] Level 1:colcon.colcon_core.package_identification:_identify(install) by extension 'ignore'
[2.712s] Level 1:colcon.colcon_core.package_identification:_identify(install) ignored
[2.713s] Level 1:colcon.colcon_core.package_identification:_identify(log) by extensions ['ignore', 'ignore_ament_install']
[2.713s] Level 1:colcon.colcon_core.package_identification:_identify(log) by extension 'ignore'
[2.714s] Level 1:colcon.colcon_core.package_identification:_identify(log) ignored
[2.714s] Level 1:colcon.colcon_core.package_identification:_identify(src) by extensions ['ignore', 'ignore_ament_install']
[2.715s] Level 1:colcon.colcon_core.package_identification:_identify(src) by extension 'ignore'
[2.717s] Level 1:colcon.colcon_core.package_identification:_identify(src) by extension 'ignore_ament_install'
[2.720s] Level 1:colcon.colcon_core.package_identification:_identify(src) by extensions ['colcon_pkg']
[2.720s] Level 1:colcon.colcon_core.package_identification:_identify(src) by extension 'colcon_pkg'
[2.722s] Level 1:colcon.colcon_core.package_identification:_identify(src) by extensions ['colcon_meta']
[2.722s] Level 1:colcon.colcon_core.package_identification:_identify(src) by extension 'colcon_meta'
[2.723s] Level 1:colcon.colcon_core.package_identification:_identify(src) by extensions ['ros']
[2.723s] Level 1:colcon.colcon_core.package_identification:_identify(src) by extension 'ros'
[2.723s] Level 1:colcon.colcon_core.package_identification:_identify(src) by extensions ['cmake', 'python']
[2.724s] Level 1:colcon.colcon_core.package_identification:_identify(src) by extension 'cmake'
[2.724s] Level 1:colcon.colcon_core.package_identification:_identify(src) by extension 'python'
[2.724s] Level 1:colcon.colcon_core.package_identification:_identify(src) by extensions ['python_setup_py']
[2.724s] Level 1:colcon.colcon_core.package_identification:_identify(src) by extension 'python_setup_py'
[2.725s] Level 1:colcon.colcon_core.package_identification:_identify(src/uni_car_ros2) by extensions ['ignore', 'ignore_ament_install']
[2.725s] Level 1:colcon.colcon_core.package_identification:_identify(src/uni_car_ros2) by extension 'ignore'
[2.725s] Level 1:colcon.colcon_core.package_identification:_identify(src/uni_car_ros2) by extension 'ignore_ament_install'
[2.726s] Level 1:colcon.colcon_core.package_identification:_identify(src/uni_car_ros2) by extensions ['colcon_pkg']
[2.726s] Level 1:colcon.colcon_core.package_identification:_identify(src/uni_car_ros2) by extension 'colcon_pkg'
[2.730s] Level 1:colcon.colcon_core.package_identification:_identify(src/uni_car_ros2) by extensions ['colcon_meta']
[2.730s] Level 1:colcon.colcon_core.package_identification:_identify(src/uni_car_ros2) by extension 'colcon_meta'
[2.730s] Level 1:colcon.colcon_core.package_identification:_identify(src/uni_car_ros2) by extensions ['ros']
[2.731s] Level 1:colcon.colcon_core.package_identification:_identify(src/uni_car_ros2) by extension 'ros'
[2.761s] DEBUG:colcon.colcon_core.package_identification:Package 'src/uni_car_ros2' with type 'ros.ament_cmake' and name 'uni_car_ros2'
[2.761s] Level 1:colcon.colcon_core.package_discovery:discover_packages(recursive) using defaults
[2.762s] Level 1:colcon.colcon_core.package_discovery:discover_packages(ignore) discover
[2.762s] Level 1:colcon.colcon_core.package_discovery:discover_packages(ignore) using defaults
[2.763s] Level 1:colcon.colcon_core.package_discovery:discover_packages(path) discover
[2.764s] Level 1:colcon.colcon_core.package_discovery:discover_packages(path) using defaults
[3.107s] Level 1:colcon.colcon_core.package_discovery:discover_packages(prefix_path) check parameters
[3.107s] Level 1:colcon.colcon_core.package_discovery:discover_packages(prefix_path) discover
[3.124s] DEBUG:colcon.colcon_installed_package_information.package_discovery:Found 287 installed packages in /opt/ros/humble
[3.136s] Level 1:colcon.colcon_core.package_discovery:discover_packages(prefix_path) using defaults
[3.552s] Level 5:colcon.colcon_core.verb:set package 'uni_car_ros2' build argument 'cmake_args' from command line to 'None'
[3.552s] Level 5:colcon.colcon_core.verb:set package 'uni_car_ros2' build argument 'cmake_target' from command line to 'None'
[3.552s] Level 5:colcon.colcon_core.verb:set package 'uni_car_ros2' build argument 'cmake_target_skip_unavailable' from command line to 'False'
[3.553s] Level 5:colcon.colcon_core.verb:set package 'uni_car_ros2' build argument 'cmake_clean_cache' from command line to 'False'
[3.553s] Level 5:colcon.colcon_core.verb:set package 'uni_car_ros2' build argument 'cmake_clean_first' from command line to 'False'
[3.553s] Level 5:colcon.colcon_core.verb:set package 'uni_car_ros2' build argument 'cmake_force_configure' from command line to 'False'
[3.553s] Level 5:colcon.colcon_core.verb:set package 'uni_car_ros2' build argument 'ament_cmake_args' from command line to 'None'
[3.553s] Level 5:colcon.colcon_core.verb:set package 'uni_car_ros2' build argument 'catkin_cmake_args' from command line to 'None'
[3.553s] Level 5:colcon.colcon_core.verb:set package 'uni_car_ros2' build argument 'catkin_skip_building_tests' from command line to 'False'
[3.553s] DEBUG:colcon.colcon_core.verb:Building package 'uni_car_ros2' with the following arguments: {'ament_cmake_args': None, 'build_base': '/home/amap/aa10_sim_ros2_catkin_ws/build/uni_car_ros2', 'catkin_cmake_args': None, 'catkin_skip_building_tests': False, 'cmake_args': None, 'cmake_clean_cache': False, 'cmake_clean_first': False, 'cmake_force_configure': False, 'cmake_target': None, 'cmake_target_skip_unavailable': False, 'install_base': '/home/amap/aa10_sim_ros2_catkin_ws/install/uni_car_ros2', 'merge_install': False, 'path': '/home/amap/aa10_sim_ros2_catkin_ws/src/uni_car_ros2', 'symlink_install': True, 'test_result_base': None}
[3.554s] INFO:colcon.colcon_core.executor:Executing jobs using 'parallel' executor
[3.557s] DEBUG:colcon.colcon_parallel_executor.executor.parallel:run_until_complete
[3.561s] INFO:colcon.colcon_ros.task.ament_cmake.build:Building ROS package in '/home/amap/aa10_sim_ros2_catkin_ws/src/uni_car_ros2' with build type 'ament_cmake'
[3.562s] INFO:colcon.colcon_cmake.task.cmake.build:Building CMake package in '/home/amap/aa10_sim_ros2_catkin_ws/src/uni_car_ros2'
[3.580s] INFO:colcon.colcon_core.plugin_system:Skipping extension 'colcon_core.shell.bat': Not used on non-Windows systems
[3.581s] INFO:colcon.colcon_core.shell:Skip shell extension 'powershell' for command environment: Not usable outside of PowerShell
[3.581s] DEBUG:colcon.colcon_core.shell:Skip shell extension 'dsv' for command environment
[3.613s] DEBUG:colcon.colcon_core.event_handler.log_command:Invoking command in '/home/amap/aa10_sim_ros2_catkin_ws/build/uni_car_ros2': CMAKE_PREFIX_PATH=/opt/ros/humble /usr/bin/cmake --build /home/amap/aa10_sim_ros2_catkin_ws/build/uni_car_ros2 -- -j4 -l4
[3.853s] DEBUG:colcon.colcon_core.event_handler.log_command:Invoked command in '/home/amap/aa10_sim_ros2_catkin_ws/build/uni_car_ros2' returned '0': CMAKE_PREFIX_PATH=/opt/ros/humble /usr/bin/cmake --build /home/amap/aa10_sim_ros2_catkin_ws/build/uni_car_ros2 -- -j4 -l4
[3.901s] DEBUG:colcon.colcon_core.event_handler.log_command:Invoking command in '/home/amap/aa10_sim_ros2_catkin_ws/build/uni_car_ros2': CMAKE_PREFIX_PATH=/opt/ros/humble /usr/bin/cmake --install /home/amap/aa10_sim_ros2_catkin_ws/build/uni_car_ros2
[4.090s] Level 1:colcon.colcon_core.environment:create_environment_scripts_only(uni_car_ros2)
[4.093s] DEBUG:colcon.colcon_core.event_handler.log_command:Invoked command in '/home/amap/aa10_sim_ros2_catkin_ws/build/uni_car_ros2' returned '0': CMAKE_PREFIX_PATH=/opt/ros/humble /usr/bin/cmake --install /home/amap/aa10_sim_ros2_catkin_ws/build/uni_car_ros2
[4.110s] Level 1:colcon.colcon_core.environment:checking '/home/amap/aa10_sim_ros2_catkin_ws/install/uni_car_ros2' for CMake module files
[4.114s] Level 1:colcon.colcon_core.environment:checking '/home/amap/aa10_sim_ros2_catkin_ws/install/uni_car_ros2' for CMake config files
[4.119s] Level 1:colcon.colcon_core.shell:create_environment_hook('uni_car_ros2', 'cmake_prefix_path')
[4.125s] INFO:colcon.colcon_core.shell:Creating environment hook '/home/amap/aa10_sim_ros2_catkin_ws/install/uni_car_ros2/share/uni_car_ros2/hook/cmake_prefix_path.ps1'
[4.132s] INFO:colcon.colcon_core.shell:Creating environment descriptor '/home/amap/aa10_sim_ros2_catkin_ws/install/uni_car_ros2/share/uni_car_ros2/hook/cmake_prefix_path.dsv'
[4.137s] INFO:colcon.colcon_core.shell:Creating environment hook '/home/amap/aa10_sim_ros2_catkin_ws/install/uni_car_ros2/share/uni_car_ros2/hook/cmake_prefix_path.sh'
[4.145s] Level 1:colcon.colcon_core.environment:checking '/home/amap/aa10_sim_ros2_catkin_ws/install/uni_car_ros2/bin'
[4.145s] Level 1:colcon.colcon_core.environment:checking '/home/amap/aa10_sim_ros2_catkin_ws/install/uni_car_ros2/lib/pkgconfig/uni_car_ros2.pc'
[4.146s] Level 1:colcon.colcon_core.environment:checking '/home/amap/aa10_sim_ros2_catkin_ws/install/uni_car_ros2/lib/python3.10/site-packages'
[4.147s] Level 1:colcon.colcon_core.environment:checking '/home/amap/aa10_sim_ros2_catkin_ws/install/uni_car_ros2/bin'
[4.150s] INFO:colcon.colcon_core.shell:Creating package script '/home/amap/aa10_sim_ros2_catkin_ws/install/uni_car_ros2/share/uni_car_ros2/package.ps1'
[4.158s] INFO:colcon.colcon_core.shell:Creating package descriptor '/home/amap/aa10_sim_ros2_catkin_ws/install/uni_car_ros2/share/uni_car_ros2/package.dsv'
[4.161s] INFO:colcon.colcon_core.shell:Creating package script '/home/amap/aa10_sim_ros2_catkin_ws/install/uni_car_ros2/share/uni_car_ros2/package.sh'
[4.164s] INFO:colcon.colcon_core.shell:Creating package script '/home/amap/aa10_sim_ros2_catkin_ws/install/uni_car_ros2/share/uni_car_ros2/package.bash'
[4.171s] INFO:colcon.colcon_core.shell:Creating package script '/home/amap/aa10_sim_ros2_catkin_ws/install/uni_car_ros2/share/uni_car_ros2/package.zsh'
[4.176s] Level 1:colcon.colcon_core.environment:create_file_with_runtime_dependencies(/home/amap/aa10_sim_ros2_catkin_ws/install/uni_car_ros2/share/colcon-core/packages/uni_car_ros2)
[4.179s] Level 1:colcon.colcon_core.environment:create_environment_scripts_only(uni_car_ros2)
[4.182s] Level 1:colcon.colcon_core.environment:checking '/home/amap/aa10_sim_ros2_catkin_ws/install/uni_car_ros2' for CMake module files
[4.186s] Level 1:colcon.colcon_core.environment:checking '/home/amap/aa10_sim_ros2_catkin_ws/install/uni_car_ros2' for CMake config files
[4.188s] Level 1:colcon.colcon_core.shell:create_environment_hook('uni_car_ros2', 'cmake_prefix_path')
[4.190s] INFO:colcon.colcon_core.shell:Creating environment hook '/home/amap/aa10_sim_ros2_catkin_ws/install/uni_car_ros2/share/uni_car_ros2/hook/cmake_prefix_path.ps1'
[4.192s] INFO:colcon.colcon_core.shell:Creating environment descriptor '/home/amap/aa10_sim_ros2_catkin_ws/install/uni_car_ros2/share/uni_car_ros2/hook/cmake_prefix_path.dsv'
[4.193s] INFO:colcon.colcon_core.shell:Creating environment hook '/home/amap/aa10_sim_ros2_catkin_ws/install/uni_car_ros2/share/uni_car_ros2/hook/cmake_prefix_path.sh'
[4.198s] Level 1:colcon.colcon_core.environment:checking '/home/amap/aa10_sim_ros2_catkin_ws/install/uni_car_ros2/bin'
[4.200s] Level 1:colcon.colcon_core.environment:checking '/home/amap/aa10_sim_ros2_catkin_ws/install/uni_car_ros2/lib/pkgconfig/uni_car_ros2.pc'
[4.202s] Level 1:colcon.colcon_core.environment:checking '/home/amap/aa10_sim_ros2_catkin_ws/install/uni_car_ros2/lib/python3.10/site-packages'
[4.203s] Level 1:colcon.colcon_core.environment:checking '/home/amap/aa10_sim_ros2_catkin_ws/install/uni_car_ros2/bin'
[4.205s] INFO:colcon.colcon_core.shell:Creating package script '/home/amap/aa10_sim_ros2_catkin_ws/install/uni_car_ros2/share/uni_car_ros2/package.ps1'
[4.209s] INFO:colcon.colcon_core.shell:Creating package descriptor '/home/amap/aa10_sim_ros2_catkin_ws/install/uni_car_ros2/share/uni_car_ros2/package.dsv'
[4.212s] INFO:colcon.colcon_core.shell:Creating package script '/home/amap/aa10_sim_ros2_catkin_ws/install/uni_car_ros2/share/uni_car_ros2/package.sh'
[4.216s] INFO:colcon.colcon_core.shell:Creating package script '/home/amap/aa10_sim_ros2_catkin_ws/install/uni_car_ros2/share/uni_car_ros2/package.bash'
[4.220s] INFO:colcon.colcon_core.shell:Creating package script '/home/amap/aa10_sim_ros2_catkin_ws/install/uni_car_ros2/share/uni_car_ros2/package.zsh'
[4.223s] Level 1:colcon.colcon_core.environment:create_file_with_runtime_dependencies(/home/amap/aa10_sim_ros2_catkin_ws/install/uni_car_ros2/share/colcon-core/packages/uni_car_ros2)
[4.228s] DEBUG:colcon.colcon_parallel_executor.executor.parallel:closing loop
[4.229s] DEBUG:colcon.colcon_parallel_executor.executor.parallel:loop closed
[4.229s] DEBUG:colcon.colcon_parallel_executor.executor.parallel:run_until_complete finished with '0'
[4.229s] DEBUG:colcon.colcon_core.event_reactor:joining thread
[4.265s] INFO:colcon.colcon_core.plugin_system:Skipping extension 'colcon_notification.desktop_notification.terminal_notifier': Not used on non-Darwin systems
[4.266s] INFO:colcon.colcon_core.plugin_system:Skipping extension 'colcon_notification.desktop_notification.win32': Not used on non-Windows systems
[4.266s] INFO:colcon.colcon_notification.desktop_notification:Sending desktop notification using 'notify2'
[4.379s] DEBUG:colcon.colcon_core.event_reactor:joined thread
[4.385s] INFO:colcon.colcon_core.shell:Creating prefix script '/home/amap/aa10_sim_ros2_catkin_ws/install/local_setup.ps1'
[4.392s] INFO:colcon.colcon_core.shell:Creating prefix util module '/home/amap/aa10_sim_ros2_catkin_ws/install/_local_setup_util_ps1.py'
[4.409s] INFO:colcon.colcon_core.shell:Creating prefix chain script '/home/amap/aa10_sim_ros2_catkin_ws/install/setup.ps1'
[4.430s] INFO:colcon.colcon_core.shell:Creating prefix script '/home/amap/aa10_sim_ros2_catkin_ws/install/local_setup.sh'
[4.439s] INFO:colcon.colcon_core.shell:Creating prefix util module '/home/amap/aa10_sim_ros2_catkin_ws/install/_local_setup_util_sh.py'
[4.442s] INFO:colcon.colcon_core.shell:Creating prefix chain script '/home/amap/aa10_sim_ros2_catkin_ws/install/setup.sh'
[4.454s] INFO:colcon.colcon_core.shell:Creating prefix script '/home/amap/aa10_sim_ros2_catkin_ws/install/local_setup.bash'
[4.456s] INFO:colcon.colcon_core.shell:Creating prefix chain script '/home/amap/aa10_sim_ros2_catkin_ws/install/setup.bash'
[4.463s] INFO:colcon.colcon_core.shell:Creating prefix script '/home/amap/aa10_sim_ros2_catkin_ws/install/local_setup.zsh'
[4.468s] INFO:colcon.colcon_core.shell:Creating prefix chain script '/home/amap/aa10_sim_ros2_catkin_ws/install/setup.zsh'
