[0.180s] Invoking command in '/home/amap/aa10_sim_ros2_catkin_ws/build/uni_car_ros2': CMAKE_PREFIX_PATH=/opt/ros/humble /usr/bin/cmake --build /home/amap/aa10_sim_ros2_catkin_ws/build/uni_car_ros2 -- -j4 -l4
[0.670s] Invoked command in '/home/amap/aa10_sim_ros2_catkin_ws/build/uni_car_ros2' returned '0': CMAKE_PREFIX_PATH=/opt/ros/humble /usr/bin/cmake --build /home/amap/aa10_sim_ros2_catkin_ws/build/uni_car_ros2 -- -j4 -l4
[0.767s] Invoking command in '/home/amap/aa10_sim_ros2_catkin_ws/build/uni_car_ros2': CMAKE_PREFIX_PATH=/opt/ros/humble /usr/bin/cmake --install /home/amap/aa10_sim_ros2_catkin_ws/build/uni_car_ros2
[0.891s] -- Install configuration: ""
[0.902s] -- Execute custom install script
[0.902s] -- Up-to-date symlink: /home/amap/aa10_sim_ros2_catkin_ws/install/uni_car_ros2/share/uni_car_ros2/config/display.rviz
[0.926s] -- Up-to-date symlink: /home/amap/aa10_sim_ros2_catkin_ws/install/uni_car_ros2/share/uni_car_ros2/config/ros2_controllers.yaml
[0.927s] -- Up-to-date symlink: /home/amap/aa10_sim_ros2_catkin_ws/install/uni_car_ros2/share/uni_car_ros2/urdf/materials.xacro
[0.934s] -- Up-to-date symlink: /home/amap/aa10_sim_ros2_catkin_ws/install/uni_car_ros2/share/uni_car_ros2/urdf/uni_car.urdf
[0.938s] -- Up-to-date symlink: /home/amap/aa10_sim_ros2_catkin_ws/install/uni_car_ros2/share/uni_car_ros2/urdf/uni_car.urdf.xacro
[0.941s] -- Up-to-date symlink: /home/amap/aa10_sim_ros2_catkin_ws/install/uni_car_ros2/share/uni_car_ros2/meshes/ROSCAR2_BASE.dae
[0.942s] -- Up-to-date symlink: /home/amap/aa10_sim_ros2_catkin_ws/install/uni_car_ros2/share/uni_car_ros2/meshes/ROSCAR2_LiDAR.dae
[0.954s] -- Up-to-date symlink: /home/amap/aa10_sim_ros2_catkin_ws/install/uni_car_ros2/share/uni_car_ros2/meshes/ROSCAR2_PiCameraV2.dae
[0.961s] -- Up-to-date symlink: /home/amap/aa10_sim_ros2_catkin_ws/install/uni_car_ros2/share/uni_car_ros2/meshes/ROSCAR2_Sonar.dae
[0.963s] -- Up-to-date symlink: /home/amap/aa10_sim_ros2_catkin_ws/install/uni_car_ros2/share/uni_car_ros2/meshes/ROSCAR2_WheelLeft.dae
[0.970s] -- Up-to-date symlink: /home/amap/aa10_sim_ros2_catkin_ws/install/uni_car_ros2/share/uni_car_ros2/meshes/ROSCAR2_WheelRight.dae
[0.972s] -- Up-to-date symlink: /home/amap/aa10_sim_ros2_catkin_ws/install/uni_car_ros2/share/uni_car_ros2/worlds/aa10_stadium.world
[0.977s] -- Up-to-date symlink: /home/amap/aa10_sim_ros2_catkin_ws/install/uni_car_ros2/share/uni_car_ros2/worlds/empty.world
[0.979s] -- Up-to-date symlink: /home/amap/aa10_sim_ros2_catkin_ws/install/uni_car_ros2/share/uni_car_ros2/worlds/house.world
[0.986s] -- Up-to-date symlink: /home/amap/aa10_sim_ros2_catkin_ws/install/uni_car_ros2/share/uni_car_ros2/worlds/mando_track.world
[0.987s] -- Up-to-date symlink: /home/amap/aa10_sim_ros2_catkin_ws/install/uni_car_ros2/share/uni_car_ros2/worlds/mando_track1.world
[0.987s] -- Up-to-date symlink: /home/amap/aa10_sim_ros2_catkin_ws/install/uni_car_ros2/share/uni_car_ros2/worlds/mando_track2.world
[0.994s] -- Up-to-date symlink: /home/amap/aa10_sim_ros2_catkin_ws/install/uni_car_ros2/share/uni_car_ros2/worlds/mando_track_ros2.world
[0.995s] -- Up-to-date symlink: /home/amap/aa10_sim_ros2_catkin_ws/install/uni_car_ros2/share/uni_car_ros2/worlds/minimal_test.world
[0.995s] -- Up-to-date symlink: /home/amap/aa10_sim_ros2_catkin_ws/install/uni_car_ros2/share/uni_car_ros2/worlds/test_ground.world
[1.000s] -- Up-to-date symlink: /home/amap/aa10_sim_ros2_catkin_ws/install/uni_car_ros2/share/uni_car_ros2/worlds/track.world
[1.001s] -- Up-to-date symlink: /home/amap/aa10_sim_ros2_catkin_ws/install/uni_car_ros2/share/uni_car_ros2/worlds/track.world.backup
[1.005s] -- Up-to-date symlink: /home/amap/aa10_sim_ros2_catkin_ws/install/uni_car_ros2/share/uni_car_ros2/worlds/track1.world
[1.007s] -- Up-to-date symlink: /home/amap/aa10_sim_ros2_catkin_ws/install/uni_car_ros2/share/uni_car_ros2/worlds/world.world
[1.008s] -- Up-to-date symlink: /home/amap/aa10_sim_ros2_catkin_ws/install/uni_car_ros2/share/uni_car_ros2/models/aa10_ground/materials/scripts/aa10_ground.material
[1.009s] -- Up-to-date symlink: /home/amap/aa10_sim_ros2_catkin_ws/install/uni_car_ros2/share/uni_car_ros2/models/aa10_ground/materials/textures/AA10_2022.png
[1.014s] -- Up-to-date symlink: /home/amap/aa10_sim_ros2_catkin_ws/install/uni_car_ros2/share/uni_car_ros2/models/aa10_ground/model.config
[1.014s] -- Up-to-date symlink: /home/amap/aa10_sim_ros2_catkin_ws/install/uni_car_ros2/share/uni_car_ros2/models/aa10_ground/model.sdf
[1.020s] -- Up-to-date symlink: /home/amap/aa10_sim_ros2_catkin_ws/install/uni_car_ros2/share/uni_car_ros2/models/track_ground/materials/scripts/track_ground.material
[1.021s] -- Up-to-date symlink: /home/amap/aa10_sim_ros2_catkin_ws/install/uni_car_ros2/share/uni_car_ros2/models/track_ground/materials/textures/AA10_2022.png
[1.021s] -- Up-to-date symlink: /home/amap/aa10_sim_ros2_catkin_ws/install/uni_car_ros2/share/uni_car_ros2/models/track_ground/materials/textures/track_01_yeungnam.png
[1.022s] -- Up-to-date symlink: /home/amap/aa10_sim_ros2_catkin_ws/install/uni_car_ros2/share/uni_car_ros2/models/track_ground/materials/textures/track_01_yeungnam1.png
[1.027s] -- Up-to-date symlink: /home/amap/aa10_sim_ros2_catkin_ws/install/uni_car_ros2/share/uni_car_ros2/models/track_ground/materials/textures/track_01_yeungnam2.png
[1.030s] -- Up-to-date symlink: /home/amap/aa10_sim_ros2_catkin_ws/install/uni_car_ros2/share/uni_car_ros2/models/track_ground/materials/textures/track_02_hanla.png
[1.030s] -- Up-to-date symlink: /home/amap/aa10_sim_ros2_catkin_ws/install/uni_car_ros2/share/uni_car_ros2/models/track_ground/materials/textures/track_03_kyungsung.png
[1.034s] -- Up-to-date symlink: /home/amap/aa10_sim_ros2_catkin_ws/install/uni_car_ros2/share/uni_car_ros2/models/track_ground/materials/textures/track_04_korea.png
[1.035s] -- Up-to-date symlink: /home/amap/aa10_sim_ros2_catkin_ws/install/uni_car_ros2/share/uni_car_ros2/models/track_ground/materials/textures/track_05_wonkwang.png
[1.035s] -- Up-to-date symlink: /home/amap/aa10_sim_ros2_catkin_ws/install/uni_car_ros2/share/uni_car_ros2/models/track_ground/materials/textures/track_06_jeju.png
[1.040s] -- Up-to-date symlink: /home/amap/aa10_sim_ros2_catkin_ws/install/uni_car_ros2/share/uni_car_ros2/models/track_ground/materials/textures/track_07_joongbu.png
[1.041s] -- Up-to-date symlink: /home/amap/aa10_sim_ros2_catkin_ws/install/uni_car_ros2/share/uni_car_ros2/models/track_ground/materials/textures/track_08_transportation.png
[1.041s] -- Up-to-date symlink: /home/amap/aa10_sim_ros2_catkin_ws/install/uni_car_ros2/share/uni_car_ros2/models/track_ground/materials/textures/track_09_honam.png
[1.045s] -- Up-to-date symlink: /home/amap/aa10_sim_ros2_catkin_ws/install/uni_car_ros2/share/uni_car_ros2/models/track_ground/materials/textures/track_10_hongik.png
[1.047s] -- Up-to-date symlink: /home/amap/aa10_sim_ros2_catkin_ws/install/uni_car_ros2/share/uni_car_ros2/models/track_ground/model.config
[1.047s] -- Up-to-date symlink: /home/amap/aa10_sim_ros2_catkin_ws/install/uni_car_ros2/share/uni_car_ros2/models/track_ground/model.sdf
[1.053s] -- Up-to-date symlink: /home/amap/aa10_sim_ros2_catkin_ws/install/uni_car_ros2/share/uni_car_ros2/rviz/uni_car_navi.rviz
[1.054s] -- Up-to-date symlink: /home/amap/aa10_sim_ros2_catkin_ws/install/uni_car_ros2/share/uni_car_ros2/rviz/uni_car_slam.rviz
[1.062s] -- Up-to-date symlink: /home/amap/aa10_sim_ros2_catkin_ws/install/uni_car_ros2/share/uni_car_ros2/rviz/uni_car_world.rviz
[1.064s] -- Up-to-date symlink: /home/amap/aa10_sim_ros2_catkin_ws/install/uni_car_ros2/share/uni_car_ros2/maps/map_house.pgm
[1.065s] -- Up-to-date symlink: /home/amap/aa10_sim_ros2_catkin_ws/install/uni_car_ros2/share/uni_car_ros2/maps/map_house.yaml
[1.065s] -- Up-to-date symlink: /home/amap/aa10_sim_ros2_catkin_ws/install/uni_car_ros2/share/uni_car_ros2/maps/map_track.pgm
[1.066s] -- Up-to-date symlink: /home/amap/aa10_sim_ros2_catkin_ws/install/uni_car_ros2/share/uni_car_ros2/maps/map_track.yaml
[1.066s] -- Up-to-date symlink: /home/amap/aa10_sim_ros2_catkin_ws/install/uni_car_ros2/share/uni_car_ros2/maps/map_world.pgm
[1.071s] -- Up-to-date symlink: /home/amap/aa10_sim_ros2_catkin_ws/install/uni_car_ros2/share/uni_car_ros2/maps/map_world.yaml
[1.072s] -- Up-to-date symlink: /home/amap/aa10_sim_ros2_catkin_ws/install/uni_car_ros2/share/uni_car_ros2/param/_costmap_common_params.yaml
[1.072s] -- Up-to-date symlink: /home/amap/aa10_sim_ros2_catkin_ws/install/uni_car_ros2/share/uni_car_ros2/param/_global_costmap_params.yaml
[1.072s] -- Up-to-date symlink: /home/amap/aa10_sim_ros2_catkin_ws/install/uni_car_ros2/share/uni_car_ros2/param/_global_planner_params.yaml
[1.079s] -- Up-to-date symlink: /home/amap/aa10_sim_ros2_catkin_ws/install/uni_car_ros2/share/uni_car_ros2/param/_local_costmap_params.yaml
[1.085s] -- Up-to-date symlink: /home/amap/aa10_sim_ros2_catkin_ws/install/uni_car_ros2/share/uni_car_ros2/param/_local_planner_params.yaml
[1.086s] -- Up-to-date symlink: /home/amap/aa10_sim_ros2_catkin_ws/install/uni_car_ros2/share/uni_car_ros2/param/_move_base_params.yaml
[1.089s] -- Up-to-date symlink: /home/amap/aa10_sim_ros2_catkin_ws/install/uni_car_ros2/share/uni_car_ros2/param/costmap_common_params.yaml
[1.090s] -- Up-to-date symlink: /home/amap/aa10_sim_ros2_catkin_ws/install/uni_car_ros2/share/uni_car_ros2/param/global_costmap_params.yaml
[1.090s] -- Up-to-date symlink: /home/amap/aa10_sim_ros2_catkin_ws/install/uni_car_ros2/share/uni_car_ros2/param/local_costmap_params.yaml
[1.091s] -- Up-to-date symlink: /home/amap/aa10_sim_ros2_catkin_ws/install/uni_car_ros2/share/uni_car_ros2/param/teb_local_planner_params.yaml
[1.102s] -- Up-to-date symlink: /home/amap/aa10_sim_ros2_catkin_ws/install/uni_car_ros2/share/ament_index/resource_index/package_run_dependencies/uni_car_ros2
[1.108s] -- Up-to-date symlink: /home/amap/aa10_sim_ros2_catkin_ws/install/uni_car_ros2/share/ament_index/resource_index/parent_prefix_path/uni_car_ros2
[1.112s] -- Up-to-date symlink: /home/amap/aa10_sim_ros2_catkin_ws/install/uni_car_ros2/share/uni_car_ros2/environment/ament_prefix_path.sh
[1.113s] -- Up-to-date symlink: /home/amap/aa10_sim_ros2_catkin_ws/install/uni_car_ros2/share/uni_car_ros2/environment/ament_prefix_path.dsv
[1.113s] -- Up-to-date symlink: /home/amap/aa10_sim_ros2_catkin_ws/install/uni_car_ros2/share/uni_car_ros2/environment/path.sh
[1.118s] -- Up-to-date symlink: /home/amap/aa10_sim_ros2_catkin_ws/install/uni_car_ros2/share/uni_car_ros2/environment/path.dsv
[1.118s] -- Up-to-date symlink: /home/amap/aa10_sim_ros2_catkin_ws/install/uni_car_ros2/share/uni_car_ros2/local_setup.bash
[1.123s] -- Up-to-date symlink: /home/amap/aa10_sim_ros2_catkin_ws/install/uni_car_ros2/share/uni_car_ros2/local_setup.sh
[1.125s] -- Up-to-date symlink: /home/amap/aa10_sim_ros2_catkin_ws/install/uni_car_ros2/share/uni_car_ros2/local_setup.zsh
[1.127s] -- Up-to-date symlink: /home/amap/aa10_sim_ros2_catkin_ws/install/uni_car_ros2/share/uni_car_ros2/local_setup.dsv
[1.127s] -- Symlinking: /home/amap/aa10_sim_ros2_catkin_ws/install/uni_car_ros2/share/uni_car_ros2/package.dsv
[1.299s] -- Up-to-date symlink: /home/amap/aa10_sim_ros2_catkin_ws/install/uni_car_ros2/share/ament_index/resource_index/packages/uni_car_ros2
[1.300s] -- Up-to-date symlink: /home/amap/aa10_sim_ros2_catkin_ws/install/uni_car_ros2/share/uni_car_ros2/cmake/uni_car_ros2Config.cmake
[1.300s] -- Up-to-date symlink: /home/amap/aa10_sim_ros2_catkin_ws/install/uni_car_ros2/share/uni_car_ros2/cmake/uni_car_ros2Config-version.cmake
[1.316s] -- Up-to-date symlink: /home/amap/aa10_sim_ros2_catkin_ws/install/uni_car_ros2/share/uni_car_ros2/package.xml
[1.317s] -- Up-to-date: /home/amap/aa10_sim_ros2_catkin_ws/install/uni_car_ros2/share/uni_car_ros2/launch
[1.317s] -- Up-to-date: /home/amap/aa10_sim_ros2_catkin_ws/install/uni_car_ros2/share/uni_car_ros2/launch/teleop_keyboard.launch.py
[1.317s] -- Up-to-date: /home/amap/aa10_sim_ros2_catkin_ws/install/uni_car_ros2/share/uni_car_ros2/launch/gazebo_test.launch.py
[1.319s] -- Installing: /home/amap/aa10_sim_ros2_catkin_ws/install/uni_car_ros2/share/uni_car_ros2/launch/gazebo_stadium_only.launch.py
[1.319s] -- Up-to-date: /home/amap/aa10_sim_ros2_catkin_ws/install/uni_car_ros2/share/uni_car_ros2/launch/rviz_display.launch.py
[1.339s] Invoked command in '/home/amap/aa10_sim_ros2_catkin_ws/build/uni_car_ros2' returned '0': CMAKE_PREFIX_PATH=/opt/ros/humble /usr/bin/cmake --install /home/amap/aa10_sim_ros2_catkin_ws/build/uni_car_ros2
