[0.505s] DEBUG:colcon:Command line arguments: ['/usr/bin/colcon', 'build', '--symlink-install', '--packages-select', 'uni_car_ros2']
[0.506s] DEBUG:colcon:Parsed command line arguments: Namespace(log_base=None, log_level=None, verb_name='build', build_base='build', install_base='install', merge_install=False, symlink_install=True, test_result_base=None, continue_on_error=False, executor='parallel', parallel_workers=4, event_handlers=None, ignore_user_meta=False, metas=['./colcon.meta'], base_paths=['.'], packages_ignore=None, packages_ignore_regex=None, paths=None, packages_up_to=None, packages_up_to_regex=None, packages_above=None, packages_above_and_dependencies=None, packages_above_depth=None, packages_select_by_dep=None, packages_skip_by_dep=None, packages_skip_up_to=None, packages_select_build_failed=False, packages_skip_build_finished=False, packages_select_test_failures=False, packages_skip_test_passed=False, packages_select=['uni_car_ros2'], packages_skip=None, packages_select_regex=None, packages_skip_regex=None, packages_start=None, packages_end=None, allow_overriding=[], cmake_args=None, cmake_target=None, cmake_target_skip_unavailable=False, cmake_clean_cache=False, cmake_clean_first=False, cmake_force_configure=False, ament_cmake_args=None, catkin_cmake_args=None, catkin_skip_building_tests=False, mixin_files=None, mixin=None, verb_parser=<colcon_mixin.mixin.mixin_argument.MixinArgumentDecorator object at 0x79fc91565c30>, verb_extension=<colcon_core.verb.build.BuildVerb object at 0x79fc91565780>, main=<bound method BuildVerb.main of <colcon_core.verb.build.BuildVerb object at 0x79fc91565780>>, mixin_verb=('build',))
[1.190s] Level 1:colcon.colcon_core.package_discovery:discover_packages(colcon_meta) check parameters
[1.191s] Level 1:colcon.colcon_core.package_discovery:discover_packages(recursive) check parameters
[1.191s] Level 1:colcon.colcon_core.package_discovery:discover_packages(ignore) check parameters
[1.191s] Level 1:colcon.colcon_core.package_discovery:discover_packages(path) check parameters
[1.191s] Level 1:colcon.colcon_core.package_discovery:discover_packages(colcon_meta) discover
[1.191s] Level 1:colcon.colcon_core.package_discovery:discover_packages(recursive) discover
[1.191s] INFO:colcon.colcon_core.package_discovery:Crawling recursively for packages in '/home/amap/aa10_sim_ros2_catkin_ws'
[1.192s] Level 1:colcon.colcon_core.package_identification:_identify(.) by extensions ['ignore', 'ignore_ament_install']
[1.192s] Level 1:colcon.colcon_core.package_identification:_identify(.) by extension 'ignore'
[1.192s] Level 1:colcon.colcon_core.package_identification:_identify(.) by extension 'ignore_ament_install'
[1.192s] Level 1:colcon.colcon_core.package_identification:_identify(.) by extensions ['colcon_pkg']
[1.193s] Level 1:colcon.colcon_core.package_identification:_identify(.) by extension 'colcon_pkg'
[1.193s] Level 1:colcon.colcon_core.package_identification:_identify(.) by extensions ['colcon_meta']
[1.193s] Level 1:colcon.colcon_core.package_identification:_identify(.) by extension 'colcon_meta'
[1.193s] Level 1:colcon.colcon_core.package_identification:_identify(.) by extensions ['ros']
[1.193s] Level 1:colcon.colcon_core.package_identification:_identify(.) by extension 'ros'
[1.242s] Level 1:colcon.colcon_core.package_identification:_identify(.) by extensions ['cmake', 'python']
[1.243s] Level 1:colcon.colcon_core.package_identification:_identify(.) by extension 'cmake'
[1.243s] Level 1:colcon.colcon_core.package_identification:_identify(.) by extension 'python'
[1.243s] Level 1:colcon.colcon_core.package_identification:_identify(.) by extensions ['python_setup_py']
[1.243s] Level 1:colcon.colcon_core.package_identification:_identify(.) by extension 'python_setup_py'
[1.244s] Level 1:colcon.colcon_core.package_identification:_identify(build) by extensions ['ignore', 'ignore_ament_install']
[1.245s] Level 1:colcon.colcon_core.package_identification:_identify(build) by extension 'ignore'
[1.246s] Level 1:colcon.colcon_core.package_identification:_identify(build) ignored
[1.247s] Level 1:colcon.colcon_core.package_identification:_identify(install) by extensions ['ignore', 'ignore_ament_install']
[1.248s] Level 1:colcon.colcon_core.package_identification:_identify(install) by extension 'ignore'
[1.248s] Level 1:colcon.colcon_core.package_identification:_identify(install) ignored
[1.248s] Level 1:colcon.colcon_core.package_identification:_identify(log) by extensions ['ignore', 'ignore_ament_install']
[1.249s] Level 1:colcon.colcon_core.package_identification:_identify(log) by extension 'ignore'
[1.249s] Level 1:colcon.colcon_core.package_identification:_identify(log) ignored
[1.249s] Level 1:colcon.colcon_core.package_identification:_identify(src) by extensions ['ignore', 'ignore_ament_install']
[1.250s] Level 1:colcon.colcon_core.package_identification:_identify(src) by extension 'ignore'
[1.250s] Level 1:colcon.colcon_core.package_identification:_identify(src) by extension 'ignore_ament_install'
[1.251s] Level 1:colcon.colcon_core.package_identification:_identify(src) by extensions ['colcon_pkg']
[1.251s] Level 1:colcon.colcon_core.package_identification:_identify(src) by extension 'colcon_pkg'
[1.251s] Level 1:colcon.colcon_core.package_identification:_identify(src) by extensions ['colcon_meta']
[1.251s] Level 1:colcon.colcon_core.package_identification:_identify(src) by extension 'colcon_meta'
[1.252s] Level 1:colcon.colcon_core.package_identification:_identify(src) by extensions ['ros']
[1.252s] Level 1:colcon.colcon_core.package_identification:_identify(src) by extension 'ros'
[1.252s] Level 1:colcon.colcon_core.package_identification:_identify(src) by extensions ['cmake', 'python']
[1.252s] Level 1:colcon.colcon_core.package_identification:_identify(src) by extension 'cmake'
[1.252s] Level 1:colcon.colcon_core.package_identification:_identify(src) by extension 'python'
[1.252s] Level 1:colcon.colcon_core.package_identification:_identify(src) by extensions ['python_setup_py']
[1.253s] Level 1:colcon.colcon_core.package_identification:_identify(src) by extension 'python_setup_py'
[1.253s] Level 1:colcon.colcon_core.package_identification:_identify(src/uni_car_ros2) by extensions ['ignore', 'ignore_ament_install']
[1.253s] Level 1:colcon.colcon_core.package_identification:_identify(src/uni_car_ros2) by extension 'ignore'
[1.254s] Level 1:colcon.colcon_core.package_identification:_identify(src/uni_car_ros2) by extension 'ignore_ament_install'
[1.254s] Level 1:colcon.colcon_core.package_identification:_identify(src/uni_car_ros2) by extensions ['colcon_pkg']
[1.254s] Level 1:colcon.colcon_core.package_identification:_identify(src/uni_car_ros2) by extension 'colcon_pkg'
[1.254s] Level 1:colcon.colcon_core.package_identification:_identify(src/uni_car_ros2) by extensions ['colcon_meta']
[1.255s] Level 1:colcon.colcon_core.package_identification:_identify(src/uni_car_ros2) by extension 'colcon_meta'
[1.256s] Level 1:colcon.colcon_core.package_identification:_identify(src/uni_car_ros2) by extensions ['ros']
[1.256s] Level 1:colcon.colcon_core.package_identification:_identify(src/uni_car_ros2) by extension 'ros'
[1.270s] DEBUG:colcon.colcon_core.package_identification:Package 'src/uni_car_ros2' with type 'ros.ament_cmake' and name 'uni_car_ros2'
[1.270s] Level 1:colcon.colcon_core.package_discovery:discover_packages(recursive) using defaults
[1.271s] Level 1:colcon.colcon_core.package_discovery:discover_packages(ignore) discover
[1.271s] Level 1:colcon.colcon_core.package_discovery:discover_packages(ignore) using defaults
[1.271s] Level 1:colcon.colcon_core.package_discovery:discover_packages(path) discover
[1.271s] Level 1:colcon.colcon_core.package_discovery:discover_packages(path) using defaults
[1.372s] Level 1:colcon.colcon_core.package_discovery:discover_packages(prefix_path) check parameters
[1.372s] Level 1:colcon.colcon_core.package_discovery:discover_packages(prefix_path) discover
[1.379s] DEBUG:colcon.colcon_installed_package_information.package_discovery:Found 287 installed packages in /opt/ros/humble
[1.384s] Level 1:colcon.colcon_core.package_discovery:discover_packages(prefix_path) using defaults
[1.508s] Level 5:colcon.colcon_core.verb:set package 'uni_car_ros2' build argument 'cmake_args' from command line to 'None'
[1.508s] Level 5:colcon.colcon_core.verb:set package 'uni_car_ros2' build argument 'cmake_target' from command line to 'None'
[1.508s] Level 5:colcon.colcon_core.verb:set package 'uni_car_ros2' build argument 'cmake_target_skip_unavailable' from command line to 'False'
[1.508s] Level 5:colcon.colcon_core.verb:set package 'uni_car_ros2' build argument 'cmake_clean_cache' from command line to 'False'
[1.509s] Level 5:colcon.colcon_core.verb:set package 'uni_car_ros2' build argument 'cmake_clean_first' from command line to 'False'
[1.509s] Level 5:colcon.colcon_core.verb:set package 'uni_car_ros2' build argument 'cmake_force_configure' from command line to 'False'
[1.509s] Level 5:colcon.colcon_core.verb:set package 'uni_car_ros2' build argument 'ament_cmake_args' from command line to 'None'
[1.509s] Level 5:colcon.colcon_core.verb:set package 'uni_car_ros2' build argument 'catkin_cmake_args' from command line to 'None'
[1.510s] Level 5:colcon.colcon_core.verb:set package 'uni_car_ros2' build argument 'catkin_skip_building_tests' from command line to 'False'
[1.511s] DEBUG:colcon.colcon_core.verb:Building package 'uni_car_ros2' with the following arguments: {'ament_cmake_args': None, 'build_base': '/home/amap/aa10_sim_ros2_catkin_ws/build/uni_car_ros2', 'catkin_cmake_args': None, 'catkin_skip_building_tests': False, 'cmake_args': None, 'cmake_clean_cache': False, 'cmake_clean_first': False, 'cmake_force_configure': False, 'cmake_target': None, 'cmake_target_skip_unavailable': False, 'install_base': '/home/amap/aa10_sim_ros2_catkin_ws/install/uni_car_ros2', 'merge_install': False, 'path': '/home/amap/aa10_sim_ros2_catkin_ws/src/uni_car_ros2', 'symlink_install': True, 'test_result_base': None}
[1.512s] INFO:colcon.colcon_core.executor:Executing jobs using 'parallel' executor
[1.518s] DEBUG:colcon.colcon_parallel_executor.executor.parallel:run_until_complete
[1.518s] INFO:colcon.colcon_ros.task.ament_cmake.build:Building ROS package in '/home/amap/aa10_sim_ros2_catkin_ws/src/uni_car_ros2' with build type 'ament_cmake'
[1.519s] INFO:colcon.colcon_cmake.task.cmake.build:Building CMake package in '/home/amap/aa10_sim_ros2_catkin_ws/src/uni_car_ros2'
[1.527s] INFO:colcon.colcon_core.plugin_system:Skipping extension 'colcon_core.shell.bat': Not used on non-Windows systems
[1.528s] INFO:colcon.colcon_core.shell:Skip shell extension 'powershell' for command environment: Not usable outside of PowerShell
[1.528s] DEBUG:colcon.colcon_core.shell:Skip shell extension 'dsv' for command environment
[1.552s] DEBUG:colcon.colcon_core.event_handler.log_command:Invoking command in '/home/amap/aa10_sim_ros2_catkin_ws/build/uni_car_ros2': CMAKE_PREFIX_PATH=/opt/ros/humble /usr/bin/cmake --build /home/amap/aa10_sim_ros2_catkin_ws/build/uni_car_ros2 -- -j4 -l4
[1.691s] DEBUG:colcon.colcon_core.event_handler.log_command:Invoked command in '/home/amap/aa10_sim_ros2_catkin_ws/build/uni_car_ros2' returned '0': CMAKE_PREFIX_PATH=/opt/ros/humble /usr/bin/cmake --build /home/amap/aa10_sim_ros2_catkin_ws/build/uni_car_ros2 -- -j4 -l4
[1.737s] DEBUG:colcon.colcon_core.event_handler.log_command:Invoking command in '/home/amap/aa10_sim_ros2_catkin_ws/build/uni_car_ros2': CMAKE_PREFIX_PATH=/opt/ros/humble /usr/bin/cmake --install /home/amap/aa10_sim_ros2_catkin_ws/build/uni_car_ros2
[1.864s] Level 1:colcon.colcon_core.environment:create_environment_scripts_only(uni_car_ros2)
[1.868s] DEBUG:colcon.colcon_core.event_handler.log_command:Invoked command in '/home/amap/aa10_sim_ros2_catkin_ws/build/uni_car_ros2' returned '0': CMAKE_PREFIX_PATH=/opt/ros/humble /usr/bin/cmake --install /home/amap/aa10_sim_ros2_catkin_ws/build/uni_car_ros2
[1.873s] Level 1:colcon.colcon_core.environment:checking '/home/amap/aa10_sim_ros2_catkin_ws/install/uni_car_ros2' for CMake module files
[1.874s] Level 1:colcon.colcon_core.environment:checking '/home/amap/aa10_sim_ros2_catkin_ws/install/uni_car_ros2' for CMake config files
[1.877s] Level 1:colcon.colcon_core.shell:create_environment_hook('uni_car_ros2', 'cmake_prefix_path')
[1.878s] INFO:colcon.colcon_core.shell:Creating environment hook '/home/amap/aa10_sim_ros2_catkin_ws/install/uni_car_ros2/share/uni_car_ros2/hook/cmake_prefix_path.ps1'
[1.880s] INFO:colcon.colcon_core.shell:Creating environment descriptor '/home/amap/aa10_sim_ros2_catkin_ws/install/uni_car_ros2/share/uni_car_ros2/hook/cmake_prefix_path.dsv'
[1.882s] INFO:colcon.colcon_core.shell:Creating environment hook '/home/amap/aa10_sim_ros2_catkin_ws/install/uni_car_ros2/share/uni_car_ros2/hook/cmake_prefix_path.sh'
[1.884s] Level 1:colcon.colcon_core.environment:checking '/home/amap/aa10_sim_ros2_catkin_ws/install/uni_car_ros2/bin'
[1.884s] Level 1:colcon.colcon_core.environment:checking '/home/amap/aa10_sim_ros2_catkin_ws/install/uni_car_ros2/lib/pkgconfig/uni_car_ros2.pc'
[1.885s] Level 1:colcon.colcon_core.environment:checking '/home/amap/aa10_sim_ros2_catkin_ws/install/uni_car_ros2/lib/python3.10/site-packages'
[1.885s] Level 1:colcon.colcon_core.environment:checking '/home/amap/aa10_sim_ros2_catkin_ws/install/uni_car_ros2/bin'
[1.886s] INFO:colcon.colcon_core.shell:Creating package script '/home/amap/aa10_sim_ros2_catkin_ws/install/uni_car_ros2/share/uni_car_ros2/package.ps1'
[1.889s] INFO:colcon.colcon_core.shell:Creating package descriptor '/home/amap/aa10_sim_ros2_catkin_ws/install/uni_car_ros2/share/uni_car_ros2/package.dsv'
[1.891s] INFO:colcon.colcon_core.shell:Creating package script '/home/amap/aa10_sim_ros2_catkin_ws/install/uni_car_ros2/share/uni_car_ros2/package.sh'
[1.892s] INFO:colcon.colcon_core.shell:Creating package script '/home/amap/aa10_sim_ros2_catkin_ws/install/uni_car_ros2/share/uni_car_ros2/package.bash'
[1.894s] INFO:colcon.colcon_core.shell:Creating package script '/home/amap/aa10_sim_ros2_catkin_ws/install/uni_car_ros2/share/uni_car_ros2/package.zsh'
[1.896s] Level 1:colcon.colcon_core.environment:create_file_with_runtime_dependencies(/home/amap/aa10_sim_ros2_catkin_ws/install/uni_car_ros2/share/colcon-core/packages/uni_car_ros2)
[1.897s] Level 1:colcon.colcon_core.environment:create_environment_scripts_only(uni_car_ros2)
[1.898s] Level 1:colcon.colcon_core.environment:checking '/home/amap/aa10_sim_ros2_catkin_ws/install/uni_car_ros2' for CMake module files
[1.899s] Level 1:colcon.colcon_core.environment:checking '/home/amap/aa10_sim_ros2_catkin_ws/install/uni_car_ros2' for CMake config files
[1.900s] Level 1:colcon.colcon_core.shell:create_environment_hook('uni_car_ros2', 'cmake_prefix_path')
[1.900s] INFO:colcon.colcon_core.shell:Creating environment hook '/home/amap/aa10_sim_ros2_catkin_ws/install/uni_car_ros2/share/uni_car_ros2/hook/cmake_prefix_path.ps1'
[1.901s] INFO:colcon.colcon_core.shell:Creating environment descriptor '/home/amap/aa10_sim_ros2_catkin_ws/install/uni_car_ros2/share/uni_car_ros2/hook/cmake_prefix_path.dsv'
[1.902s] INFO:colcon.colcon_core.shell:Creating environment hook '/home/amap/aa10_sim_ros2_catkin_ws/install/uni_car_ros2/share/uni_car_ros2/hook/cmake_prefix_path.sh'
[1.903s] Level 1:colcon.colcon_core.environment:checking '/home/amap/aa10_sim_ros2_catkin_ws/install/uni_car_ros2/bin'
[1.903s] Level 1:colcon.colcon_core.environment:checking '/home/amap/aa10_sim_ros2_catkin_ws/install/uni_car_ros2/lib/pkgconfig/uni_car_ros2.pc'
[1.904s] Level 1:colcon.colcon_core.environment:checking '/home/amap/aa10_sim_ros2_catkin_ws/install/uni_car_ros2/lib/python3.10/site-packages'
[1.905s] Level 1:colcon.colcon_core.environment:checking '/home/amap/aa10_sim_ros2_catkin_ws/install/uni_car_ros2/bin'
[1.905s] INFO:colcon.colcon_core.shell:Creating package script '/home/amap/aa10_sim_ros2_catkin_ws/install/uni_car_ros2/share/uni_car_ros2/package.ps1'
[1.906s] INFO:colcon.colcon_core.shell:Creating package descriptor '/home/amap/aa10_sim_ros2_catkin_ws/install/uni_car_ros2/share/uni_car_ros2/package.dsv'
[1.907s] INFO:colcon.colcon_core.shell:Creating package script '/home/amap/aa10_sim_ros2_catkin_ws/install/uni_car_ros2/share/uni_car_ros2/package.sh'
[1.908s] INFO:colcon.colcon_core.shell:Creating package script '/home/amap/aa10_sim_ros2_catkin_ws/install/uni_car_ros2/share/uni_car_ros2/package.bash'
[1.909s] INFO:colcon.colcon_core.shell:Creating package script '/home/amap/aa10_sim_ros2_catkin_ws/install/uni_car_ros2/share/uni_car_ros2/package.zsh'
[1.911s] Level 1:colcon.colcon_core.environment:create_file_with_runtime_dependencies(/home/amap/aa10_sim_ros2_catkin_ws/install/uni_car_ros2/share/colcon-core/packages/uni_car_ros2)
[1.912s] DEBUG:colcon.colcon_parallel_executor.executor.parallel:closing loop
[1.912s] DEBUG:colcon.colcon_parallel_executor.executor.parallel:loop closed
[1.912s] DEBUG:colcon.colcon_parallel_executor.executor.parallel:run_until_complete finished with '0'
[1.912s] DEBUG:colcon.colcon_core.event_reactor:joining thread
[1.928s] INFO:colcon.colcon_core.plugin_system:Skipping extension 'colcon_notification.desktop_notification.terminal_notifier': Not used on non-Darwin systems
[1.929s] INFO:colcon.colcon_core.plugin_system:Skipping extension 'colcon_notification.desktop_notification.win32': Not used on non-Windows systems
[1.929s] INFO:colcon.colcon_notification.desktop_notification:Sending desktop notification using 'notify2'
[1.964s] DEBUG:colcon.colcon_core.event_reactor:joined thread
[1.966s] INFO:colcon.colcon_core.shell:Creating prefix script '/home/amap/aa10_sim_ros2_catkin_ws/install/local_setup.ps1'
[1.969s] INFO:colcon.colcon_core.shell:Creating prefix util module '/home/amap/aa10_sim_ros2_catkin_ws/install/_local_setup_util_ps1.py'
[1.976s] INFO:colcon.colcon_core.shell:Creating prefix chain script '/home/amap/aa10_sim_ros2_catkin_ws/install/setup.ps1'
[1.979s] INFO:colcon.colcon_core.shell:Creating prefix script '/home/amap/aa10_sim_ros2_catkin_ws/install/local_setup.sh'
[1.981s] INFO:colcon.colcon_core.shell:Creating prefix util module '/home/amap/aa10_sim_ros2_catkin_ws/install/_local_setup_util_sh.py'
[1.984s] INFO:colcon.colcon_core.shell:Creating prefix chain script '/home/amap/aa10_sim_ros2_catkin_ws/install/setup.sh'
[1.988s] INFO:colcon.colcon_core.shell:Creating prefix script '/home/amap/aa10_sim_ros2_catkin_ws/install/local_setup.bash'
[1.990s] INFO:colcon.colcon_core.shell:Creating prefix chain script '/home/amap/aa10_sim_ros2_catkin_ws/install/setup.bash'
[1.993s] INFO:colcon.colcon_core.shell:Creating prefix script '/home/amap/aa10_sim_ros2_catkin_ws/install/local_setup.zsh'
[1.995s] INFO:colcon.colcon_core.shell:Creating prefix chain script '/home/amap/aa10_sim_ros2_catkin_ws/install/setup.zsh'
