[0.053s] Invoking command in '/home/amap/aa10_sim_ros2_catkin_ws/build/uni_car_ros2': CMAKE_PREFIX_PATH=/opt/ros/humble /usr/bin/cmake /home/amap/aa10_sim_ros2_catkin_ws/src/uni_car_ros2 -DCMAKE_INSTALL_PREFIX=/home/amap/aa10_sim_ros2_catkin_ws/install/uni_car_ros2
[0.102s] -- Found ament_cmake: 1.3.12 (/opt/ros/humble/share/ament_cmake/cmake)
[0.678s] -- Override CMake install command with custom implementation using symlinks instead of copying resources
[0.733s] -- Found ament_lint_auto: 0.12.14 (/opt/ros/humble/share/ament_lint_auto/cmake)
[1.051s] -- Added test 'copyright' to check source files copyright and LICENSE
[1.097s] -- Added test 'flake8' to check Python code syntax and style conventions
[1.102s] -- Added test 'lint_cmake' to check CMake code style
[1.118s] -- Added test 'pep257' to check Python code against some of the docstring style conventions in PEP 257
[1.161s] -- Added test 'xmllint' to check XML markup files
[1.169s] -- Configuring done
[1.198s] -- Generating done
[1.207s] -- Build files have been written to: /home/amap/aa10_sim_ros2_catkin_ws/build/uni_car_ros2
[1.222s] Invoked command in '/home/amap/aa10_sim_ros2_catkin_ws/build/uni_car_ros2' returned '0': CMAKE_PREFIX_PATH=/opt/ros/humble /usr/bin/cmake /home/amap/aa10_sim_ros2_catkin_ws/src/uni_car_ros2 -DCMAKE_INSTALL_PREFIX=/home/amap/aa10_sim_ros2_catkin_ws/install/uni_car_ros2
[1.226s] Invoking command in '/home/amap/aa10_sim_ros2_catkin_ws/build/uni_car_ros2': CMAKE_PREFIX_PATH=/opt/ros/humble /usr/bin/cmake --build /home/amap/aa10_sim_ros2_catkin_ws/build/uni_car_ros2 -- -j4 -l4
[1.420s] Invoked command in '/home/amap/aa10_sim_ros2_catkin_ws/build/uni_car_ros2' returned '0': CMAKE_PREFIX_PATH=/opt/ros/humble /usr/bin/cmake --build /home/amap/aa10_sim_ros2_catkin_ws/build/uni_car_ros2 -- -j4 -l4
[1.473s] Invoking command in '/home/amap/aa10_sim_ros2_catkin_ws/build/uni_car_ros2': CMAKE_PREFIX_PATH=/opt/ros/humble /usr/bin/cmake --install /home/amap/aa10_sim_ros2_catkin_ws/build/uni_car_ros2
[1.495s] -- Install configuration: ""
[1.496s] -- Execute custom install script
[1.497s] -- Up-to-date symlink: /home/amap/aa10_sim_ros2_catkin_ws/install/uni_car_ros2/share/uni_car_ros2/config/display.rviz
[1.500s] -- Up-to-date symlink: /home/amap/aa10_sim_ros2_catkin_ws/install/uni_car_ros2/share/uni_car_ros2/config/ros2_controllers.yaml
[1.500s] -- Up-to-date symlink: /home/amap/aa10_sim_ros2_catkin_ws/install/uni_car_ros2/share/uni_car_ros2/urdf/materials.xacro
[1.500s] -- Up-to-date symlink: /home/amap/aa10_sim_ros2_catkin_ws/install/uni_car_ros2/share/uni_car_ros2/urdf/uni_car.urdf
[1.501s] -- Up-to-date symlink: /home/amap/aa10_sim_ros2_catkin_ws/install/uni_car_ros2/share/uni_car_ros2/urdf/uni_car.urdf.xacro
[1.502s] -- Up-to-date symlink: /home/amap/aa10_sim_ros2_catkin_ws/install/uni_car_ros2/share/uni_car_ros2/meshes/ROSCAR2_BASE.dae
[1.502s] -- Up-to-date symlink: /home/amap/aa10_sim_ros2_catkin_ws/install/uni_car_ros2/share/uni_car_ros2/meshes/ROSCAR2_LiDAR.dae
[1.502s] -- Up-to-date symlink: /home/amap/aa10_sim_ros2_catkin_ws/install/uni_car_ros2/share/uni_car_ros2/meshes/ROSCAR2_PiCameraV2.dae
[1.509s] -- Up-to-date symlink: /home/amap/aa10_sim_ros2_catkin_ws/install/uni_car_ros2/share/uni_car_ros2/meshes/ROSCAR2_Sonar.dae
[1.511s] -- Up-to-date symlink: /home/amap/aa10_sim_ros2_catkin_ws/install/uni_car_ros2/share/uni_car_ros2/meshes/ROSCAR2_WheelLeft.dae
[1.516s] -- Up-to-date symlink: /home/amap/aa10_sim_ros2_catkin_ws/install/uni_car_ros2/share/uni_car_ros2/meshes/ROSCAR2_WheelRight.dae
[1.516s] -- Up-to-date symlink: /home/amap/aa10_sim_ros2_catkin_ws/install/uni_car_ros2/share/uni_car_ros2/worlds/aa10_stadium.world
[1.517s] -- Up-to-date symlink: /home/amap/aa10_sim_ros2_catkin_ws/install/uni_car_ros2/share/uni_car_ros2/worlds/empty.world
[1.517s] -- Up-to-date symlink: /home/amap/aa10_sim_ros2_catkin_ws/install/uni_car_ros2/share/uni_car_ros2/worlds/house.world
[1.524s] -- Up-to-date symlink: /home/amap/aa10_sim_ros2_catkin_ws/install/uni_car_ros2/share/uni_car_ros2/worlds/mando_track.world
[1.529s] -- Up-to-date symlink: /home/amap/aa10_sim_ros2_catkin_ws/install/uni_car_ros2/share/uni_car_ros2/worlds/mando_track1.world
[1.530s] -- Up-to-date symlink: /home/amap/aa10_sim_ros2_catkin_ws/install/uni_car_ros2/share/uni_car_ros2/worlds/mando_track2.world
[1.530s] -- Up-to-date symlink: /home/amap/aa10_sim_ros2_catkin_ws/install/uni_car_ros2/share/uni_car_ros2/worlds/mando_track_ros2.world
[1.532s] -- Up-to-date symlink: /home/amap/aa10_sim_ros2_catkin_ws/install/uni_car_ros2/share/uni_car_ros2/worlds/minimal_test.world
[1.532s] -- Up-to-date symlink: /home/amap/aa10_sim_ros2_catkin_ws/install/uni_car_ros2/share/uni_car_ros2/worlds/test_ground.world
[1.536s] -- Up-to-date symlink: /home/amap/aa10_sim_ros2_catkin_ws/install/uni_car_ros2/share/uni_car_ros2/worlds/track.world
[1.537s] -- Up-to-date symlink: /home/amap/aa10_sim_ros2_catkin_ws/install/uni_car_ros2/share/uni_car_ros2/worlds/track.world.backup
[1.538s] -- Up-to-date symlink: /home/amap/aa10_sim_ros2_catkin_ws/install/uni_car_ros2/share/uni_car_ros2/worlds/track1.world
[1.541s] -- Up-to-date symlink: /home/amap/aa10_sim_ros2_catkin_ws/install/uni_car_ros2/share/uni_car_ros2/worlds/world.world
[1.542s] -- Up-to-date symlink: /home/amap/aa10_sim_ros2_catkin_ws/install/uni_car_ros2/share/uni_car_ros2/models/aa10_ground/materials/scripts/aa10_ground.material
[1.542s] -- Up-to-date symlink: /home/amap/aa10_sim_ros2_catkin_ws/install/uni_car_ros2/share/uni_car_ros2/models/aa10_ground/materials/textures/AA10_2022.png
[1.542s] -- Up-to-date symlink: /home/amap/aa10_sim_ros2_catkin_ws/install/uni_car_ros2/share/uni_car_ros2/models/aa10_ground/model.config
[1.542s] -- Up-to-date symlink: /home/amap/aa10_sim_ros2_catkin_ws/install/uni_car_ros2/share/uni_car_ros2/models/aa10_ground/model.sdf
[1.543s] -- Up-to-date symlink: /home/amap/aa10_sim_ros2_catkin_ws/install/uni_car_ros2/share/uni_car_ros2/models/track_ground/materials/scripts/track_ground.material
[1.543s] -- Up-to-date symlink: /home/amap/aa10_sim_ros2_catkin_ws/install/uni_car_ros2/share/uni_car_ros2/models/track_ground/materials/textures/AA10_2022.png
[1.543s] -- Up-to-date symlink: /home/amap/aa10_sim_ros2_catkin_ws/install/uni_car_ros2/share/uni_car_ros2/models/track_ground/materials/textures/track_01_yeungnam.png
[1.543s] -- Up-to-date symlink: /home/amap/aa10_sim_ros2_catkin_ws/install/uni_car_ros2/share/uni_car_ros2/models/track_ground/materials/textures/track_01_yeungnam1.png
[1.544s] -- Up-to-date symlink: /home/amap/aa10_sim_ros2_catkin_ws/install/uni_car_ros2/share/uni_car_ros2/models/track_ground/materials/textures/track_01_yeungnam2.png
[1.544s] -- Up-to-date symlink: /home/amap/aa10_sim_ros2_catkin_ws/install/uni_car_ros2/share/uni_car_ros2/models/track_ground/materials/textures/track_02_hanla.png
[1.544s] -- Up-to-date symlink: /home/amap/aa10_sim_ros2_catkin_ws/install/uni_car_ros2/share/uni_car_ros2/models/track_ground/materials/textures/track_03_kyungsung.png
[1.546s] -- Up-to-date symlink: /home/amap/aa10_sim_ros2_catkin_ws/install/uni_car_ros2/share/uni_car_ros2/models/track_ground/materials/textures/track_04_korea.png
[1.547s] -- Up-to-date symlink: /home/amap/aa10_sim_ros2_catkin_ws/install/uni_car_ros2/share/uni_car_ros2/models/track_ground/materials/textures/track_05_wonkwang.png
[1.548s] -- Up-to-date symlink: /home/amap/aa10_sim_ros2_catkin_ws/install/uni_car_ros2/share/uni_car_ros2/models/track_ground/materials/textures/track_06_jeju.png
[1.548s] -- Up-to-date symlink: /home/amap/aa10_sim_ros2_catkin_ws/install/uni_car_ros2/share/uni_car_ros2/models/track_ground/materials/textures/track_07_joongbu.png
[1.548s] -- Up-to-date symlink: /home/amap/aa10_sim_ros2_catkin_ws/install/uni_car_ros2/share/uni_car_ros2/models/track_ground/materials/textures/track_08_transportation.png
[1.549s] -- Up-to-date symlink: /home/amap/aa10_sim_ros2_catkin_ws/install/uni_car_ros2/share/uni_car_ros2/models/track_ground/materials/textures/track_09_honam.png
[1.549s] -- Up-to-date symlink: /home/amap/aa10_sim_ros2_catkin_ws/install/uni_car_ros2/share/uni_car_ros2/models/track_ground/materials/textures/track_10_hongik.png
[1.549s] -- Up-to-date symlink: /home/amap/aa10_sim_ros2_catkin_ws/install/uni_car_ros2/share/uni_car_ros2/models/track_ground/model.config
[1.550s] -- Up-to-date symlink: /home/amap/aa10_sim_ros2_catkin_ws/install/uni_car_ros2/share/uni_car_ros2/models/track_ground/model.sdf
[1.550s] -- Up-to-date symlink: /home/amap/aa10_sim_ros2_catkin_ws/install/uni_car_ros2/share/uni_car_ros2/rviz/uni_car_navi.rviz
[1.550s] -- Up-to-date symlink: /home/amap/aa10_sim_ros2_catkin_ws/install/uni_car_ros2/share/uni_car_ros2/rviz/uni_car_slam.rviz
[1.550s] -- Up-to-date symlink: /home/amap/aa10_sim_ros2_catkin_ws/install/uni_car_ros2/share/uni_car_ros2/rviz/uni_car_world.rviz
[1.551s] -- Up-to-date symlink: /home/amap/aa10_sim_ros2_catkin_ws/install/uni_car_ros2/share/uni_car_ros2/maps/map_house.pgm
[1.551s] -- Up-to-date symlink: /home/amap/aa10_sim_ros2_catkin_ws/install/uni_car_ros2/share/uni_car_ros2/maps/map_house.yaml
[1.551s] -- Up-to-date symlink: /home/amap/aa10_sim_ros2_catkin_ws/install/uni_car_ros2/share/uni_car_ros2/maps/map_track.pgm
[1.551s] -- Up-to-date symlink: /home/amap/aa10_sim_ros2_catkin_ws/install/uni_car_ros2/share/uni_car_ros2/maps/map_track.yaml
[1.552s] -- Up-to-date symlink: /home/amap/aa10_sim_ros2_catkin_ws/install/uni_car_ros2/share/uni_car_ros2/maps/map_world.pgm
[1.552s] -- Up-to-date symlink: /home/amap/aa10_sim_ros2_catkin_ws/install/uni_car_ros2/share/uni_car_ros2/maps/map_world.yaml
[1.552s] -- Up-to-date symlink: /home/amap/aa10_sim_ros2_catkin_ws/install/uni_car_ros2/share/uni_car_ros2/param/_costmap_common_params.yaml
[1.553s] -- Up-to-date symlink: /home/amap/aa10_sim_ros2_catkin_ws/install/uni_car_ros2/share/uni_car_ros2/param/_global_costmap_params.yaml
[1.553s] -- Up-to-date symlink: /home/amap/aa10_sim_ros2_catkin_ws/install/uni_car_ros2/share/uni_car_ros2/param/_global_planner_params.yaml
[1.554s] -- Up-to-date symlink: /home/amap/aa10_sim_ros2_catkin_ws/install/uni_car_ros2/share/uni_car_ros2/param/_local_costmap_params.yaml
[1.554s] -- Up-to-date symlink: /home/amap/aa10_sim_ros2_catkin_ws/install/uni_car_ros2/share/uni_car_ros2/param/_local_planner_params.yaml
[1.555s] -- Up-to-date symlink: /home/amap/aa10_sim_ros2_catkin_ws/install/uni_car_ros2/share/uni_car_ros2/param/_move_base_params.yaml
[1.555s] -- Up-to-date symlink: /home/amap/aa10_sim_ros2_catkin_ws/install/uni_car_ros2/share/uni_car_ros2/param/costmap_common_params.yaml
[1.556s] -- Up-to-date symlink: /home/amap/aa10_sim_ros2_catkin_ws/install/uni_car_ros2/share/uni_car_ros2/param/global_costmap_params.yaml
[1.556s] -- Up-to-date symlink: /home/amap/aa10_sim_ros2_catkin_ws/install/uni_car_ros2/share/uni_car_ros2/param/local_costmap_params.yaml
[1.557s] -- Up-to-date symlink: /home/amap/aa10_sim_ros2_catkin_ws/install/uni_car_ros2/share/uni_car_ros2/param/teb_local_planner_params.yaml
[1.557s] -- Up-to-date symlink: /home/amap/aa10_sim_ros2_catkin_ws/install/uni_car_ros2/share/ament_index/resource_index/package_run_dependencies/uni_car_ros2
[1.558s] -- Up-to-date symlink: /home/amap/aa10_sim_ros2_catkin_ws/install/uni_car_ros2/share/ament_index/resource_index/parent_prefix_path/uni_car_ros2
[1.558s] -- Up-to-date symlink: /home/amap/aa10_sim_ros2_catkin_ws/install/uni_car_ros2/share/uni_car_ros2/environment/ament_prefix_path.sh
[1.559s] -- Up-to-date symlink: /home/amap/aa10_sim_ros2_catkin_ws/install/uni_car_ros2/share/uni_car_ros2/environment/ament_prefix_path.dsv
[1.559s] -- Up-to-date symlink: /home/amap/aa10_sim_ros2_catkin_ws/install/uni_car_ros2/share/uni_car_ros2/environment/path.sh
[1.560s] -- Up-to-date symlink: /home/amap/aa10_sim_ros2_catkin_ws/install/uni_car_ros2/share/uni_car_ros2/environment/path.dsv
[1.560s] -- Up-to-date symlink: /home/amap/aa10_sim_ros2_catkin_ws/install/uni_car_ros2/share/uni_car_ros2/local_setup.bash
[1.560s] -- Up-to-date symlink: /home/amap/aa10_sim_ros2_catkin_ws/install/uni_car_ros2/share/uni_car_ros2/local_setup.sh
[1.561s] -- Up-to-date symlink: /home/amap/aa10_sim_ros2_catkin_ws/install/uni_car_ros2/share/uni_car_ros2/local_setup.zsh
[1.561s] -- Up-to-date symlink: /home/amap/aa10_sim_ros2_catkin_ws/install/uni_car_ros2/share/uni_car_ros2/local_setup.dsv
[1.561s] -- Symlinking: /home/amap/aa10_sim_ros2_catkin_ws/install/uni_car_ros2/share/uni_car_ros2/package.dsv
[1.604s] -- Up-to-date symlink: /home/amap/aa10_sim_ros2_catkin_ws/install/uni_car_ros2/share/ament_index/resource_index/packages/uni_car_ros2
[1.605s] -- Up-to-date symlink: /home/amap/aa10_sim_ros2_catkin_ws/install/uni_car_ros2/share/uni_car_ros2/cmake/uni_car_ros2Config.cmake
[1.606s] -- Up-to-date symlink: /home/amap/aa10_sim_ros2_catkin_ws/install/uni_car_ros2/share/uni_car_ros2/cmake/uni_car_ros2Config-version.cmake
[1.611s] -- Up-to-date symlink: /home/amap/aa10_sim_ros2_catkin_ws/install/uni_car_ros2/share/uni_car_ros2/package.xml
[1.615s] -- Up-to-date: /home/amap/aa10_sim_ros2_catkin_ws/install/uni_car_ros2/share/uni_car_ros2/launch
[1.616s] -- Up-to-date: /home/amap/aa10_sim_ros2_catkin_ws/install/uni_car_ros2/share/uni_car_ros2/launch/teleop_keyboard.launch.py
[1.616s] -- Up-to-date: /home/amap/aa10_sim_ros2_catkin_ws/install/uni_car_ros2/share/uni_car_ros2/launch/gazebo_test.launch.py
[1.617s] -- Up-to-date: /home/amap/aa10_sim_ros2_catkin_ws/install/uni_car_ros2/share/uni_car_ros2/launch/gazebo_stadium_only.launch.py
[1.617s] -- Up-to-date: /home/amap/aa10_sim_ros2_catkin_ws/install/uni_car_ros2/share/uni_car_ros2/launch/rviz_display.launch.py
[1.626s] Invoked command in '/home/amap/aa10_sim_ros2_catkin_ws/build/uni_car_ros2' returned '0': CMAKE_PREFIX_PATH=/opt/ros/humble /usr/bin/cmake --install /home/amap/aa10_sim_ros2_catkin_ws/build/uni_car_ros2
